{"/Users/kyle/rules/package.json": {"path":"/Users/kyle/rules/package.json","statementMap":{},"fnMap":{},"branchMap":{},"s":{},"f":{},"b":{},"meta":{"lastBranch":0,"lastFunction":0,"lastStatement":0,"seen":{}}}
,"/Users/kyle/rules/src/cli-effect.ts": {"path":"/Users/kyle/rules/src/cli-effect.ts","statementMap":{"0":{"start":{"line":17,"column":19},"end":{"line":29,"column":null}},"1":{"start":{"line":18,"column":2},"end":{"line":28,"column":null}},"2":{"start":{"line":19,"column":4},"end":{"line":27,"column":null}},"3":{"start":{"line":20,"column":17},"end":{"line":20,"column":null}},"4":{"start":{"line":22,"column":29},"end":{"line":22,"column":null}},"5":{"start":{"line":23,"column":8},"end":{"line":25,"column":null}},"6":{"start":{"line":34,"column":20},"end":{"line":37,"column":null}},"7":{"start":{"line":43,"column":14},"end":{"line":46,"column":null}},"8":{"start":{"line":48,"column":20},"end":{"line":48,"column":null}},"9":{"start":{"line":50,"column":2},"end":{"line":54,"column":null}},"10":{"start":{"line":50,"column":23},"end":{"line":50,"column":40}}},"fnMap":{"0":{"name":"(anonymous_0)","decl":{"start":{"line":17,"column":43},"end":{"line":17,"column":null}},"loc":{"start":{"line":18,"column":2},"end":{"line":28,"column":null}},"line":18},"1":{"name":"(anonymous_1)","decl":{"start":{"line":18,"column":13},"end":{"line":18,"column":26}},"loc":{"start":{"line":18,"column":26},"end":{"line":28,"column":3}},"line":18},"2":{"name":"(anonymous_2)","decl":{"start":{"line":20,"column":11},"end":{"line":20,"column":17}},"loc":{"start":{"line":20,"column":17},"end":{"line":20,"column":null}},"line":20},"3":{"name":"(anonymous_3)","decl":{"start":{"line":21,"column":13},"end":{"line":21,"column":14}},"loc":{"start":{"line":21,"column":24},"end":{"line":26,"column":null}},"line":21},"4":{"name":"runCLI","decl":{"start":{"line":42,"column":16},"end":{"line":42,"column":31}},"loc":{"start":{"line":42,"column":31},"end":{"line":55,"column":null}},"line":42},"5":{"name":"(anonymous_5)","decl":{"start":{"line":50,"column":17},"end":{"line":50,"column":23}},"loc":{"start":{"line":50,"column":23},"end":{"line":50,"column":40}},"line":50}},"branchMap":{"0":{"loc":{"start":{"line":22,"column":29},"end":{"line":22,"column":null}},"type":"cond-expr","locations":[{"start":{"line":22,"column":54},"end":{"line":22,"column":70}},{"start":{"line":22,"column":70},"end":{"line":22,"column":null}}],"line":22}},"s":{"0":2,"1":0,"2":0,"3":0,"4":0,"5":0,"6":2,"7":0,"8":0,"9":0,"10":0},"f":{"0":0,"1":0,"2":0,"3":0,"4":0,"5":0},"b":{"0":[0,0]},"meta":{"lastBranch":1,"lastFunction":6,"lastStatement":11,"seen":{"s:17:19:29:Infinity":0,"f:17:43:17:Infinity":0,"s:18:2:28:Infinity":1,"f:18:13:18:26":1,"s:19:4:27:Infinity":2,"f:20:11:20:17":2,"s:20:17:20:Infinity":3,"f:21:13:21:14":3,"s:22:29:22:Infinity":4,"b:22:54:22:70:22:70:22:Infinity":0,"s:23:8:25:Infinity":5,"s:34:20:37:Infinity":6,"f:42:16:42:31":4,"s:43:14:46:Infinity":7,"s:48:20:48:Infinity":8,"s:50:2:54:Infinity":9,"f:50:17:50:23":5,"s:50:23:50:40":10}}}
,"/Users/kyle/rules/src/cli.ts": {"path":"/Users/kyle/rules/src/cli.ts","statementMap":{"0":{"start":{"line":14,"column":18},"end":{"line":14,"column":null}},"1":{"start":{"line":16,"column":2},"end":{"line":19,"column":null}},"2":{"start":{"line":21,"column":19},"end":{"line":21,"column":null}},"3":{"start":{"line":24,"column":2},"end":{"line":24,"column":null}},"4":{"start":{"line":25,"column":2},"end":{"line":25,"column":null}},"5":{"start":{"line":27,"column":2},"end":{"line":29,"column":null}},"6":{"start":{"line":28,"column":4},"end":{"line":28,"column":null}},"7":{"start":{"line":32,"column":2},"end":{"line":36,"column":null}},"8":{"start":{"line":38,"column":2},"end":{"line":40,"column":null}},"9":{"start":{"line":39,"column":4},"end":{"line":39,"column":null}},"10":{"start":{"line":42,"column":2},"end":{"line":42,"column":null}},"11":{"start":{"line":46,"column":18},"end":{"line":46,"column":null}},"12":{"start":{"line":48,"column":2},"end":{"line":50,"column":null}},"13":{"start":{"line":49,"column":4},"end":{"line":49,"column":null}},"14":{"start":{"line":53,"column":2},"end":{"line":56,"column":null}},"15":{"start":{"line":54,"column":4},"end":{"line":54,"column":null}},"16":{"start":{"line":55,"column":4},"end":{"line":55,"column":null}},"17":{"start":{"line":58,"column":2},"end":{"line":61,"column":null}},"18":{"start":{"line":59,"column":4},"end":{"line":59,"column":null}},"19":{"start":{"line":60,"column":4},"end":{"line":60,"column":null}},"20":{"start":{"line":63,"column":2},"end":{"line":68,"column":null}},"21":{"start":{"line":64,"column":4},"end":{"line":64,"column":null}},"22":{"start":{"line":66,"column":4},"end":{"line":66,"column":null}},"23":{"start":{"line":67,"column":4},"end":{"line":67,"column":null}}},"fnMap":{"0":{"name":"createCLI","decl":{"start":{"line":13,"column":16},"end":{"line":13,"column":37}},"loc":{"start":{"line":13,"column":37},"end":{"line":43,"column":null}},"line":13},"1":{"name":"(anonymous_1)","decl":{"start":{"line":38,"column":17},"end":{"line":38,"column":23}},"loc":{"start":{"line":38,"column":23},"end":{"line":40,"column":3}},"line":38},"2":{"name":"runCLI","decl":{"start":{"line":45,"column":16},"end":{"line":45,"column":31}},"loc":{"start":{"line":45,"column":31},"end":{"line":69,"column":null}},"line":45},"3":{"name":"(anonymous_3)","decl":{"start":{"line":53,"column":34},"end":{"line":53,"column":35}},"loc":{"start":{"line":53,"column":45},"end":{"line":56,"column":3}},"line":53},"4":{"name":"(anonymous_4)","decl":{"start":{"line":58,"column":35},"end":{"line":58,"column":36}},"loc":{"start":{"line":58,"column":47},"end":{"line":61,"column":3}},"line":58}},"branchMap":{"0":{"loc":{"start":{"line":48,"column":2},"end":{"line":50,"column":null}},"type":"if","locations":[{"start":{"line":48,"column":2},"end":{"line":50,"column":null}},{"start":{},"end":{}}],"line":48}},"s":{"0":2,"1":2,"2":2,"3":2,"4":2,"5":2,"6":8,"7":2,"8":2,"9":0,"10":2,"11":0,"12":0,"13":0,"14":0,"15":0,"16":0,"17":0,"18":0,"19":0,"20":0,"21":0,"22":0,"23":0},"f":{"0":2,"1":0,"2":0,"3":0,"4":0},"b":{"0":[0,0]},"meta":{"lastBranch":1,"lastFunction":5,"lastStatement":24,"seen":{"f:13:16:13:37":0,"s:14:18:14:Infinity":0,"s:16:2:19:Infinity":1,"s:21:19:21:Infinity":2,"s:24:2:24:Infinity":3,"s:25:2:25:Infinity":4,"s:27:2:29:Infinity":5,"s:28:4:28:Infinity":6,"s:32:2:36:Infinity":7,"s:38:2:40:Infinity":8,"f:38:17:38:23":1,"s:39:4:39:Infinity":9,"s:42:2:42:Infinity":10,"f:45:16:45:31":2,"s:46:18:46:Infinity":11,"b:48:2:50:Infinity:undefined:undefined:undefined:undefined":0,"s:48:2:50:Infinity":12,"s:49:4:49:Infinity":13,"s:53:2:56:Infinity":14,"f:53:34:53:35":3,"s:54:4:54:Infinity":15,"s:55:4:55:Infinity":16,"s:58:2:61:Infinity":17,"f:58:35:58:36":4,"s:59:4:59:Infinity":18,"s:60:4:60:Infinity":19,"s:63:2:68:Infinity":20,"s:64:4:64:Infinity":21,"s:66:4:66:Infinity":22,"s:67:4:67:Infinity":23}}}
,"/Users/kyle/rules/src/errors.ts": {"path":"/Users/kyle/rules/src/errors.ts","statementMap":{"0":{"start":{"line":86,"column":30},"end":{"line":90,"column":null}},"1":{"start":{"line":92,"column":35},"end":{"line":97,"column":null}},"2":{"start":{"line":99,"column":37},"end":{"line":105,"column":null}},"3":{"start":{"line":107,"column":40},"end":{"line":112,"column":null}},"4":{"start":{"line":114,"column":30},"end":{"line":119,"column":null}},"5":{"start":{"line":121,"column":29},"end":{"line":127,"column":null}},"6":{"start":{"line":129,"column":37},"end":{"line":134,"column":null}},"7":{"start":{"line":136,"column":34},"end":{"line":142,"column":null}}},"fnMap":{},"branchMap":{},"s":{"0":5,"1":5,"2":5,"3":5,"4":5,"5":5,"6":5,"7":5},"f":{},"b":{},"meta":{"lastBranch":0,"lastFunction":0,"lastStatement":8,"seen":{"s:86:30:90:Infinity":0,"s:92:35:97:Infinity":1,"s:99:37:105:Infinity":2,"s:107:40:112:Infinity":3,"s:114:30:119:Infinity":4,"s:121:29:127:Infinity":5,"s:129:37:134:Infinity":6,"s:136:34:142:Infinity":7}}}
,"/Users/kyle/rules/src/shared.ts": {"path":"/Users/kyle/rules/src/shared.ts","statementMap":{"0":{"start":{"line":41,"column":17},"end":{"line":50,"column":null}},"1":{"start":{"line":52,"column":20},"end":{"line":52,"column":null}},"2":{"start":{"line":53,"column":2},"end":{"line":53,"column":null}},"3":{"start":{"line":61,"column":2},"end":{"line":61,"column":null}},"4":{"start":{"line":65,"column":17},"end":{"line":65,"column":null}},"5":{"start":{"line":66,"column":2},"end":{"line":68,"column":null}},"6":{"start":{"line":67,"column":4},"end":{"line":67,"column":null}},"7":{"start":{"line":69,"column":2},"end":{"line":69,"column":null}},"8":{"start":{"line":73,"column":26},"end":{"line":73,"column":null}},"9":{"start":{"line":75,"column":2},"end":{"line":75,"column":null}},"10":{"start":{"line":76,"column":2},"end":{"line":76,"column":null}},"11":{"start":{"line":77,"column":2},"end":{"line":77,"column":null}},"12":{"start":{"line":78,"column":2},"end":{"line":81,"column":null}},"13":{"start":{"line":79,"column":19},"end":{"line":79,"column":null}},"14":{"start":{"line":80,"column":4},"end":{"line":80,"column":null}},"15":{"start":{"line":85,"column":2},"end":{"line":85,"column":null}},"16":{"start":{"line":91,"column":2},"end":{"line":91,"column":null}},"17":{"start":{"line":99,"column":2},"end":{"line":101,"column":null}},"18":{"start":{"line":100,"column":4},"end":{"line":100,"column":null}},"19":{"start":{"line":103,"column":26},"end":{"line":103,"column":null}},"20":{"start":{"line":106,"column":18},"end":{"line":106,"column":null}},"21":{"start":{"line":108,"column":4},"end":{"line":119,"column":null}},"22":{"start":{"line":109,"column":23},"end":{"line":109,"column":null}},"23":{"start":{"line":110,"column":19},"end":{"line":110,"column":null}},"24":{"start":{"line":112,"column":6},"end":{"line":118,"column":null}},"25":{"start":{"line":113,"column":8},"end":{"line":113,"column":null}},"26":{"start":{"line":114,"column":6},"end":{"line":118,"column":null}},"27":{"start":{"line":114,"column":42},"end":{"line":114,"column":60}},"28":{"start":{"line":116,"column":29},"end":{"line":116,"column":null}},"29":{"start":{"line":117,"column":8},"end":{"line":117,"column":null}},"30":{"start":{"line":122,"column":2},"end":{"line":122,"column":null}},"31":{"start":{"line":123,"column":2},"end":{"line":123,"column":null}},"32":{"start":{"line":127,"column":2},"end":{"line":129,"column":null}},"33":{"start":{"line":128,"column":4},"end":{"line":128,"column":null}},"34":{"start":{"line":131,"column":15},"end":{"line":131,"column":null}},"35":{"start":{"line":132,"column":18},"end":{"line":132,"column":null}},"36":{"start":{"line":134,"column":2},"end":{"line":137,"column":null}},"37":{"start":{"line":146,"column":2},"end":{"line":148,"column":null}},"38":{"start":{"line":147,"column":4},"end":{"line":147,"column":null}},"39":{"start":{"line":150,"column":16},"end":{"line":150,"column":null}},"40":{"start":{"line":152,"column":2},"end":{"line":168,"column":null}},"41":{"start":{"line":153,"column":21},"end":{"line":153,"column":null}},"42":{"start":{"line":154,"column":17},"end":{"line":154,"column":null}},"43":{"start":{"line":156,"column":4},"end":{"line":167,"column":null}},"44":{"start":{"line":157,"column":32},"end":{"line":157,"column":null}},"45":{"start":{"line":157,"column":57},"end":{"line":157,"column":75}},"46":{"start":{"line":159,"column":6},"end":{"line":166,"column":null}},"47":{"start":{"line":160,"column":8},"end":{"line":160,"column":null}},"48":{"start":{"line":161,"column":8},"end":{"line":165,"column":null}},"49":{"start":{"line":180,"column":2},"end":{"line":225,"column":null}},"50":{"start":{"line":183,"column":21},"end":{"line":185,"column":null}},"51":{"start":{"line":188,"column":20},"end":{"line":188,"column":null}},"52":{"start":{"line":189,"column":4},"end":{"line":191,"column":null}},"53":{"start":{"line":190,"column":6},"end":{"line":190,"column":null}},"54":{"start":{"line":193,"column":22},"end":{"line":193,"column":null}},"55":{"start":{"line":194,"column":18},"end":{"line":194,"column":null}},"56":{"start":{"line":197,"column":24},"end":{"line":197,"column":null}},"57":{"start":{"line":198,"column":23},"end":{"line":198,"column":null}},"58":{"start":{"line":199,"column":18},"end":{"line":199,"column":null}},"59":{"start":{"line":200,"column":4},"end":{"line":200,"column":null}},"60":{"start":{"line":202,"column":27},"end":{"line":202,"column":null}},"61":{"start":{"line":203,"column":27},"end":{"line":203,"column":null}},"62":{"start":{"line":205,"column":4},"end":{"line":224,"column":null}},"63":{"start":{"line":207,"column":26},"end":{"line":207,"column":null}},"64":{"start":{"line":208,"column":6},"end":{"line":210,"column":null}},"65":{"start":{"line":209,"column":8},"end":{"line":209,"column":null}},"66":{"start":{"line":212,"column":6},"end":{"line":212,"column":null}},"67":{"start":{"line":213,"column":6},"end":{"line":217,"column":null}},"68":{"start":{"line":219,"column":6},"end":{"line":223,"column":null}},"69":{"start":{"line":235,"column":2},"end":{"line":246,"column":null}},"70":{"start":{"line":237,"column":18},"end":{"line":237,"column":null}},"71":{"start":{"line":238,"column":20},"end":{"line":238,"column":null}},"72":{"start":{"line":238,"column":42},"end":{"line":238,"column":88}},"73":{"start":{"line":240,"column":4},"end":{"line":244,"column":null}},"74":{"start":{"line":241,"column":6},"end":{"line":241,"column":null}},"75":{"start":{"line":243,"column":6},"end":{"line":243,"column":null}},"76":{"start":{"line":245,"column":4},"end":{"line":245,"column":null}},"77":{"start":{"line":248,"column":2},"end":{"line":248,"column":null}},"78":{"start":{"line":249,"column":2},"end":{"line":249,"column":null}},"79":{"start":{"line":251,"column":18},"end":{"line":260,"column":null}},"80":{"start":{"line":253,"column":6},"end":{"line":255,"column":null}},"81":{"start":{"line":254,"column":8},"end":{"line":254,"column":null}},"82":{"start":{"line":256,"column":6},"end":{"line":256,"column":null}},"83":{"start":{"line":257,"column":6},"end":{"line":257,"column":null}},"84":{"start":{"line":262,"column":22},"end":{"line":262,"column":null}},"85":{"start":{"line":263,"column":23},"end":{"line":268,"column":null}},"86":{"start":{"line":270,"column":2},"end":{"line":280,"column":null}},"87":{"start":{"line":271,"column":18},"end":{"line":271,"column":null}},"88":{"start":{"line":272,"column":4},"end":{"line":279,"column":null}},"89":{"start":{"line":273,"column":20},"end":{"line":273,"column":null}},"90":{"start":{"line":274,"column":6},"end":{"line":274,"column":null}},"91":{"start":{"line":275,"column":6},"end":{"line":277,"column":null}},"92":{"start":{"line":276,"column":8},"end":{"line":276,"column":null}},"93":{"start":{"line":278,"column":6},"end":{"line":278,"column":null}},"94":{"start":{"line":282,"column":16},"end":{"line":282,"column":null}},"95":{"start":{"line":283,"column":18},"end":{"line":283,"column":null}},"96":{"start":{"line":283,"column":40},"end":{"line":283,"column":86}},"97":{"start":{"line":285,"column":2},"end":{"line":289,"column":null}},"98":{"start":{"line":286,"column":4},"end":{"line":286,"column":null}},"99":{"start":{"line":288,"column":4},"end":{"line":288,"column":null}},"100":{"start":{"line":291,"column":2},"end":{"line":291,"column":null}}},"fnMap":{"0":{"name":"log","decl":{"start":{"line":40,"column":16},"end":{"line":40,"column":20}},"loc":{"start":{"line":40,"column":60},"end":{"line":54,"column":null}},"line":40},"1":{"name":"getSupportedAgents","decl":{"start":{"line":60,"column":16},"end":{"line":60,"column":35}},"loc":{"start":{"line":60,"column":68},"end":{"line":62,"column":null}},"line":60},"2":{"name":"getAgentConfig","decl":{"start":{"line":64,"column":16},"end":{"line":64,"column":31}},"loc":{"start":{"line":64,"column":82},"end":{"line":70,"column":null}},"line":64},"3":{"name":"promptForAgent","decl":{"start":{"line":72,"column":22},"end":{"line":72,"column":37}},"loc":{"start":{"line":72,"column":95},"end":{"line":86,"column":null}},"line":72},"4":{"name":"(anonymous_4)","decl":{"start":{"line":78,"column":26},"end":{"line":78,"column":27}},"loc":{"start":{"line":78,"column":44},"end":{"line":81,"column":3}},"line":78},"5":{"name":"detectAgentTool","decl":{"start":{"line":88,"column":16},"end":{"line":88,"column":32}},"loc":{"start":{"line":88,"column":91},"end":{"line":92,"column":null}},"line":88},"6":{"name":"collectFiles","decl":{"start":{"line":98,"column":16},"end":{"line":98,"column":29}},"loc":{"start":{"line":98,"column":74},"end":{"line":124,"column":null}},"line":98},"7":{"name":"traverse","decl":{"start":{"line":105,"column":11},"end":{"line":105,"column":20}},"loc":{"start":{"line":105,"column":46},"end":{"line":120,"column":null}},"line":105},"8":{"name":"(anonymous_8)","decl":{"start":{"line":114,"column":33},"end":{"line":114,"column":34}},"loc":{"start":{"line":114,"column":42},"end":{"line":114,"column":60}},"line":114},"9":{"name":"getLocalFileInfo","decl":{"start":{"line":126,"column":16},"end":{"line":126,"column":33}},"loc":{"start":{"line":126,"column":92},"end":{"line":138,"column":null}},"line":126},"10":{"name":"clearObsoleteFiles","decl":{"start":{"line":140,"column":16},"end":{"line":140,"column":null}},"loc":{"start":{"line":145,"column":8},"end":{"line":169,"column":null}},"line":145},"11":{"name":"(anonymous_11)","decl":{"start":{"line":157,"column":48},"end":{"line":157,"column":49}},"loc":{"start":{"line":157,"column":57},"end":{"line":157,"column":75}},"line":157},"12":{"name":"processBatch","decl":{"start":{"line":171,"column":16},"end":{"line":171,"column":null}},"loc":{"start":{"line":179,"column":8},"end":{"line":226,"column":null}},"line":179},"13":{"name":"displayResults","decl":{"start":{"line":228,"column":16},"end":{"line":228,"column":null}},"loc":{"start":{"line":234,"column":8},"end":{"line":292,"column":null}},"line":234},"14":{"name":"(anonymous_14)","decl":{"start":{"line":238,"column":35},"end":{"line":238,"column":36}},"loc":{"start":{"line":238,"column":42},"end":{"line":238,"column":88}},"line":238},"15":{"name":"(anonymous_15)","decl":{"start":{"line":252,"column":4},"end":{"line":252,"column":5}},"loc":{"start":{"line":252,"column":21},"end":{"line":258,"column":null}},"line":252},"16":{"name":"(anonymous_16)","decl":{"start":{"line":283,"column":33},"end":{"line":283,"column":34}},"loc":{"start":{"line":283,"column":40},"end":{"line":283,"column":86}},"line":283}},"branchMap":{"0":{"loc":{"start":{"line":40,"column":37},"end":{"line":40,"column":60}},"type":"default-arg","locations":[{"start":{"line":40,"column":45},"end":{"line":40,"column":60}}],"line":40},"1":{"loc":{"start":{"line":52,"column":20},"end":{"line":52,"column":null}},"type":"binary-expr","locations":[{"start":{"line":52,"column":20},"end":{"line":52,"column":60}},{"start":{"line":52,"column":60},"end":{"line":52,"column":null}}],"line":52},"2":{"loc":{"start":{"line":66,"column":2},"end":{"line":68,"column":null}},"type":"if","locations":[{"start":{"line":66,"column":2},"end":{"line":68,"column":null}},{"start":{},"end":{}}],"line":66},"3":{"loc":{"start":{"line":88,"column":56},"end":{"line":88,"column":91}},"type":"default-arg","locations":[{"start":{"line":88,"column":71},"end":{"line":88,"column":91}}],"line":88},"4":{"loc":{"start":{"line":99,"column":2},"end":{"line":101,"column":null}},"type":"if","locations":[{"start":{"line":99,"column":2},"end":{"line":101,"column":null}},{"start":{},"end":{}}],"line":99},"5":{"loc":{"start":{"line":112,"column":6},"end":{"line":118,"column":null}},"type":"if","locations":[{"start":{"line":112,"column":6},"end":{"line":118,"column":null}},{"start":{"line":114,"column":6},"end":{"line":118,"column":null}}],"line":112},"6":{"loc":{"start":{"line":114,"column":6},"end":{"line":118,"column":null}},"type":"if","locations":[{"start":{"line":114,"column":6},"end":{"line":118,"column":null}},{"start":{},"end":{}}],"line":114},"7":{"loc":{"start":{"line":127,"column":2},"end":{"line":129,"column":null}},"type":"if","locations":[{"start":{"line":127,"column":2},"end":{"line":129,"column":null}},{"start":{},"end":{}}],"line":127},"8":{"loc":{"start":{"line":146,"column":2},"end":{"line":148,"column":null}},"type":"if","locations":[{"start":{"line":146,"column":2},"end":{"line":148,"column":null}},{"start":{},"end":{}}],"line":146},"9":{"loc":{"start":{"line":156,"column":4},"end":{"line":167,"column":null}},"type":"if","locations":[{"start":{"line":156,"column":4},"end":{"line":167,"column":null}},{"start":{},"end":{}}],"line":156},"10":{"loc":{"start":{"line":159,"column":6},"end":{"line":166,"column":null}},"type":"if","locations":[{"start":{"line":159,"column":6},"end":{"line":166,"column":null}},{"start":{},"end":{}}],"line":159},"11":{"loc":{"start":{"line":159,"column":10},"end":{"line":159,"column":57}},"type":"binary-expr","locations":[{"start":{"line":159,"column":10},"end":{"line":159,"column":31}},{"start":{"line":159,"column":31},"end":{"line":159,"column":57}}],"line":159},"12":{"loc":{"start":{"line":178,"column":2},"end":{"line":178,"column":null}},"type":"default-arg","locations":[{"start":{"line":178,"column":15},"end":{"line":178,"column":null}}],"line":178},"13":{"loc":{"start":{"line":183,"column":21},"end":{"line":185,"column":null}},"type":"cond-expr","locations":[{"start":{"line":184,"column":8},"end":{"line":184,"column":null}},{"start":{"line":185,"column":8},"end":{"line":185,"column":null}}],"line":183},"14":{"loc":{"start":{"line":189,"column":4},"end":{"line":191,"column":null}},"type":"if","locations":[{"start":{"line":189,"column":4},"end":{"line":191,"column":null}},{"start":{},"end":{}}],"line":189},"15":{"loc":{"start":{"line":202,"column":27},"end":{"line":202,"column":null}},"type":"cond-expr","locations":[{"start":{"line":202,"column":39},"end":{"line":202,"column":75}},{"start":{"line":202,"column":75},"end":{"line":202,"column":null}}],"line":202},"16":{"loc":{"start":{"line":203,"column":27},"end":{"line":203,"column":null}},"type":"binary-expr","locations":[{"start":{"line":203,"column":27},"end":{"line":203,"column":41}},{"start":{"line":203,"column":41},"end":{"line":203,"column":null}}],"line":203},"17":{"loc":{"start":{"line":205,"column":4},"end":{"line":224,"column":null}},"type":"if","locations":[{"start":{"line":205,"column":4},"end":{"line":224,"column":null}},{"start":{"line":218,"column":11},"end":{"line":224,"column":null}}],"line":205},"18":{"loc":{"start":{"line":208,"column":6},"end":{"line":210,"column":null}},"type":"if","locations":[{"start":{"line":208,"column":6},"end":{"line":210,"column":null}},{"start":{},"end":{}}],"line":208},"19":{"loc":{"start":{"line":215,"column":16},"end":{"line":215,"column":null}},"type":"cond-expr","locations":[{"start":{"line":215,"column":24},"end":{"line":215,"column":34}},{"start":{"line":215,"column":34},"end":{"line":215,"column":null}}],"line":215},"20":{"loc":{"start":{"line":216,"column":16},"end":{"line":216,"column":null}},"type":"cond-expr","locations":[{"start":{"line":216,"column":24},"end":{"line":216,"column":36}},{"start":{"line":216,"column":36},"end":{"line":216,"column":null}}],"line":216},"21":{"loc":{"start":{"line":233,"column":2},"end":{"line":233,"column":null}},"type":"default-arg","locations":[{"start":{"line":233,"column":12},"end":{"line":233,"column":null}}],"line":233},"22":{"loc":{"start":{"line":235,"column":2},"end":{"line":246,"column":null}},"type":"if","locations":[{"start":{"line":235,"column":2},"end":{"line":246,"column":null}},{"start":{},"end":{}}],"line":235},"23":{"loc":{"start":{"line":238,"column":42},"end":{"line":238,"column":88}},"type":"binary-expr","locations":[{"start":{"line":238,"column":42},"end":{"line":238,"column":66}},{"start":{"line":238,"column":66},"end":{"line":238,"column":88}}],"line":238},"24":{"loc":{"start":{"line":240,"column":4},"end":{"line":244,"column":null}},"type":"if","locations":[{"start":{"line":240,"column":4},"end":{"line":244,"column":null}},{"start":{"line":242,"column":11},"end":{"line":244,"column":null}}],"line":240},"25":{"loc":{"start":{"line":253,"column":6},"end":{"line":255,"column":null}},"type":"if","locations":[{"start":{"line":253,"column":6},"end":{"line":255,"column":null}},{"start":{},"end":{}}],"line":253},"26":{"loc":{"start":{"line":272,"column":4},"end":{"line":279,"column":null}},"type":"if","locations":[{"start":{"line":272,"column":4},"end":{"line":279,"column":null}},{"start":{},"end":{}}],"line":272},"27":{"loc":{"start":{"line":272,"column":8},"end":{"line":272,"column":35}},"type":"binary-expr","locations":[{"start":{"line":272,"column":8},"end":{"line":272,"column":17}},{"start":{"line":272,"column":17},"end":{"line":272,"column":35}}],"line":272},"28":{"loc":{"start":{"line":283,"column":40},"end":{"line":283,"column":86}},"type":"binary-expr","locations":[{"start":{"line":283,"column":40},"end":{"line":283,"column":64}},{"start":{"line":283,"column":64},"end":{"line":283,"column":86}}],"line":283},"29":{"loc":{"start":{"line":285,"column":2},"end":{"line":289,"column":null}},"type":"if","locations":[{"start":{"line":285,"column":2},"end":{"line":289,"column":null}},{"start":{"line":287,"column":9},"end":{"line":289,"column":null}}],"line":285}},"s":{"0":0,"1":0,"2":0,"3":0,"4":0,"5":0,"6":0,"7":0,"8":0,"9":0,"10":0,"11":0,"12":0,"13":0,"14":0,"15":0,"16":0,"17":0,"18":0,"19":0,"20":0,"21":0,"22":0,"23":0,"24":0,"25":0,"26":0,"27":0,"28":0,"29":0,"30":0,"31":0,"32":0,"33":0,"34":0,"35":0,"36":0,"37":0,"38":0,"39":0,"40":0,"41":0,"42":0,"43":0,"44":0,"45":0,"46":0,"47":0,"48":0,"49":0,"50":0,"51":0,"52":0,"53":0,"54":0,"55":0,"56":0,"57":0,"58":0,"59":0,"60":0,"61":0,"62":0,"63":0,"64":0,"65":0,"66":0,"67":0,"68":0,"69":0,"70":0,"71":0,"72":0,"73":0,"74":0,"75":0,"76":0,"77":0,"78":0,"79":0,"80":0,"81":0,"82":0,"83":0,"84":0,"85":0,"86":0,"87":0,"88":0,"89":0,"90":0,"91":0,"92":0,"93":0,"94":0,"95":0,"96":0,"97":0,"98":0,"99":0,"100":0},"f":{"0":0,"1":0,"2":0,"3":0,"4":0,"5":0,"6":0,"7":0,"8":0,"9":0,"10":0,"11":0,"12":0,"13":0,"14":0,"15":0,"16":0},"b":{"0":[0],"1":[0,0],"2":[0,0],"3":[0],"4":[0,0],"5":[0,0],"6":[0,0],"7":[0,0],"8":[0,0],"9":[0,0],"10":[0,0],"11":[0,0],"12":[0],"13":[0,0],"14":[0,0],"15":[0,0],"16":[0,0],"17":[0,0],"18":[0,0],"19":[0,0],"20":[0,0],"21":[0],"22":[0,0],"23":[0,0],"24":[0,0],"25":[0,0],"26":[0,0],"27":[0,0],"28":[0,0],"29":[0,0]},"meta":{"lastBranch":30,"lastFunction":17,"lastStatement":101,"seen":{"f:40:16:40:20":0,"b:40:45:40:60":0,"s:41:17:50:Infinity":0,"s:52:20:52:Infinity":1,"b:52:20:52:60:52:60:52:Infinity":1,"s:53:2:53:Infinity":2,"f:60:16:60:35":1,"s:61:2:61:Infinity":3,"f:64:16:64:31":2,"s:65:17:65:Infinity":4,"b:66:2:68:Infinity:undefined:undefined:undefined:undefined":2,"s:66:2:68:Infinity":5,"s:67:4:67:Infinity":6,"s:69:2:69:Infinity":7,"f:72:22:72:37":3,"s:73:26:73:Infinity":8,"s:75:2:75:Infinity":9,"s:76:2:76:Infinity":10,"s:77:2:77:Infinity":11,"s:78:2:81:Infinity":12,"f:78:26:78:27":4,"s:79:19:79:Infinity":13,"s:80:4:80:Infinity":14,"s:85:2:85:Infinity":15,"f:88:16:88:32":5,"b:88:71:88:91":3,"s:91:2:91:Infinity":16,"f:98:16:98:29":6,"b:99:2:101:Infinity:undefined:undefined:undefined:undefined":4,"s:99:2:101:Infinity":17,"s:100:4:100:Infinity":18,"s:103:26:103:Infinity":19,"f:105:11:105:20":7,"s:106:18:106:Infinity":20,"s:108:4:119:Infinity":21,"s:109:23:109:Infinity":22,"s:110:19:110:Infinity":23,"b:112:6:118:Infinity:114:6:118:Infinity":5,"s:112:6:118:Infinity":24,"s:113:8:113:Infinity":25,"b:114:6:118:Infinity:undefined:undefined:undefined:undefined":6,"s:114:6:118:Infinity":26,"f:114:33:114:34":8,"s:114:42:114:60":27,"s:116:29:116:Infinity":28,"s:117:8:117:Infinity":29,"s:122:2:122:Infinity":30,"s:123:2:123:Infinity":31,"f:126:16:126:33":9,"b:127:2:129:Infinity:undefined:undefined:undefined:undefined":7,"s:127:2:129:Infinity":32,"s:128:4:128:Infinity":33,"s:131:15:131:Infinity":34,"s:132:18:132:Infinity":35,"s:134:2:137:Infinity":36,"f:140:16:140:Infinity":10,"b:146:2:148:Infinity:undefined:undefined:undefined:undefined":8,"s:146:2:148:Infinity":37,"s:147:4:147:Infinity":38,"s:150:16:150:Infinity":39,"s:152:2:168:Infinity":40,"s:153:21:153:Infinity":41,"s:154:17:154:Infinity":42,"b:156:4:167:Infinity:undefined:undefined:undefined:undefined":9,"s:156:4:167:Infinity":43,"s:157:32:157:Infinity":44,"f:157:48:157:49":11,"s:157:57:157:75":45,"b:159:6:166:Infinity:undefined:undefined:undefined:undefined":10,"s:159:6:166:Infinity":46,"b:159:10:159:31:159:31:159:57":11,"s:160:8:160:Infinity":47,"s:161:8:165:Infinity":48,"f:171:16:171:Infinity":12,"b:178:15:178:Infinity":12,"s:180:2:225:Infinity":49,"s:183:21:185:Infinity":50,"b:184:8:184:Infinity:185:8:185:Infinity":13,"s:188:20:188:Infinity":51,"b:189:4:191:Infinity:undefined:undefined:undefined:undefined":14,"s:189:4:191:Infinity":52,"s:190:6:190:Infinity":53,"s:193:22:193:Infinity":54,"s:194:18:194:Infinity":55,"s:197:24:197:Infinity":56,"s:198:23:198:Infinity":57,"s:199:18:199:Infinity":58,"s:200:4:200:Infinity":59,"s:202:27:202:Infinity":60,"b:202:39:202:75:202:75:202:Infinity":15,"s:203:27:203:Infinity":61,"b:203:27:203:41:203:41:203:Infinity":16,"b:205:4:224:Infinity:218:11:224:Infinity":17,"s:205:4:224:Infinity":62,"s:207:26:207:Infinity":63,"b:208:6:210:Infinity:undefined:undefined:undefined:undefined":18,"s:208:6:210:Infinity":64,"s:209:8:209:Infinity":65,"s:212:6:212:Infinity":66,"s:213:6:217:Infinity":67,"b:215:24:215:34:215:34:215:Infinity":19,"b:216:24:216:36:216:36:216:Infinity":20,"s:219:6:223:Infinity":68,"f:228:16:228:Infinity":13,"b:233:12:233:Infinity":21,"b:235:2:246:Infinity:undefined:undefined:undefined:undefined":22,"s:235:2:246:Infinity":69,"s:237:18:237:Infinity":70,"s:238:20:238:Infinity":71,"f:238:35:238:36":14,"s:238:42:238:88":72,"b:238:42:238:66:238:66:238:88":23,"b:240:4:244:Infinity:242:11:244:Infinity":24,"s:240:4:244:Infinity":73,"s:241:6:241:Infinity":74,"s:243:6:243:Infinity":75,"s:245:4:245:Infinity":76,"s:248:2:248:Infinity":77,"s:249:2:249:Infinity":78,"s:251:18:260:Infinity":79,"f:252:4:252:5":15,"b:253:6:255:Infinity:undefined:undefined:undefined:undefined":25,"s:253:6:255:Infinity":80,"s:254:8:254:Infinity":81,"s:256:6:256:Infinity":82,"s:257:6:257:Infinity":83,"s:262:22:262:Infinity":84,"s:263:23:268:Infinity":85,"s:270:2:280:Infinity":86,"s:271:18:271:Infinity":87,"b:272:4:279:Infinity:undefined:undefined:undefined:undefined":26,"s:272:4:279:Infinity":88,"b:272:8:272:17:272:17:272:35":27,"s:273:20:273:Infinity":89,"s:274:6:274:Infinity":90,"s:275:6:277:Infinity":91,"s:276:8:276:Infinity":92,"s:278:6:278:Infinity":93,"s:282:16:282:Infinity":94,"s:283:18:283:Infinity":95,"f:283:33:283:34":16,"s:283:40:283:86":96,"b:283:40:283:64:283:64:283:86":28,"b:285:2:289:Infinity:287:9:289:Infinity":29,"s:285:2:289:Infinity":97,"s:286:4:286:Infinity":98,"s:288:4:288:Infinity":99,"s:291:2:291:Infinity":100}}}
,"/Users/kyle/rules/src/types.ts": {"path":"/Users/kyle/rules/src/types.ts","statementMap":{"0":{"start":{"line":159,"column":4},"end":{"line":159,"column":null}},"1":{"start":{"line":160,"column":4},"end":{"line":160,"column":null}},"2":{"start":{"line":161,"column":4},"end":{"line":161,"column":null}},"3":{"start":{"line":162,"column":4},"end":{"line":162,"column":null}},"4":{"start":{"line":163,"column":4},"end":{"line":163,"column":null}},"5":{"start":{"line":164,"column":4},"end":{"line":164,"column":null}},"6":{"start":{"line":165,"column":4},"end":{"line":165,"column":null}},"7":{"start":{"line":166,"column":4},"end":{"line":166,"column":null}}},"fnMap":{"0":{"name":"(anonymous_0)","decl":{"start":{"line":142,"column":2},"end":{"line":142,"column":null}},"loc":{"start":{"line":158,"column":4},"end":{"line":167,"column":null}},"line":158}},"branchMap":{"0":{"loc":{"start":{"line":149,"column":4},"end":{"line":149,"column":null}},"type":"default-arg","locations":[{"start":{"line":149,"column":20},"end":{"line":149,"column":null}}],"line":149}},"s":{"0":1,"1":1,"2":1,"3":1,"4":1,"5":1,"6":1,"7":1},"f":{"0":1},"b":{"0":[1]},"meta":{"lastBranch":1,"lastFunction":1,"lastStatement":8,"seen":{"f:142:2:142:Infinity":0,"b:149:20:149:Infinity":0,"s:159:4:159:Infinity":0,"s:160:4:160:Infinity":1,"s:161:4:161:Infinity":2,"s:162:4:162:Infinity":3,"s:163:4:163:Infinity":4,"s:164:4:164:Infinity":5,"s:165:4:165:Infinity":6,"s:166:4:166:Infinity":7}}}
,"/Users/kyle/rules/src/commands/codebase-command.ts": {"path":"/Users/kyle/rules/src/commands/codebase-command.ts","statementMap":{"0":{"start":{"line":14,"column":37},"end":{"line":42,"column":null}},"1":{"start":{"line":23,"column":4},"end":{"line":41,"column":null}},"2":{"start":{"line":24,"column":6},"end":{"line":24,"column":null}},"3":{"start":{"line":26,"column":6},"end":{"line":26,"column":null}},"4":{"start":{"line":28,"column":21},"end":{"line":34,"column":null}},"5":{"start":{"line":36,"column":21},"end":{"line":36,"column":null}},"6":{"start":{"line":37,"column":6},"end":{"line":37,"column":null}},"7":{"start":{"line":39,"column":6},"end":{"line":39,"column":null}},"8":{"start":{"line":40,"column":6},"end":{"line":40,"column":null}},"9":{"start":{"line":47,"column":38},"end":{"line":61,"column":null}},"10":{"start":{"line":50,"column":4},"end":{"line":60,"column":null}},"11":{"start":{"line":51,"column":6},"end":{"line":51,"column":null}},"12":{"start":{"line":52,"column":6},"end":{"line":52,"column":null}},"13":{"start":{"line":54,"column":22},"end":{"line":54,"column":null}},"14":{"start":{"line":55,"column":6},"end":{"line":55,"column":null}},"15":{"start":{"line":57,"column":6},"end":{"line":57,"column":null}},"16":{"start":{"line":59,"column":6},"end":{"line":59,"column":null}},"17":{"start":{"line":66,"column":37},"end":{"line":95,"column":null}},"18":{"start":{"line":69,"column":4},"end":{"line":94,"column":null}},"19":{"start":{"line":70,"column":6},"end":{"line":70,"column":null}},"20":{"start":{"line":72,"column":6},"end":{"line":72,"column":null}},"21":{"start":{"line":73,"column":21},"end":{"line":73,"column":null}},"22":{"start":{"line":75,"column":6},"end":{"line":85,"column":null}},"23":{"start":{"line":76,"column":8},"end":{"line":76,"column":null}},"24":{"start":{"line":77,"column":8},"end":{"line":77,"column":null}},"25":{"start":{"line":78,"column":8},"end":{"line":78,"column":null}},"26":{"start":{"line":80,"column":8},"end":{"line":80,"column":null}},"27":{"start":{"line":81,"column":8},"end":{"line":81,"column":null}},"28":{"start":{"line":82,"column":8},"end":{"line":84,"column":null}},"29":{"start":{"line":83,"column":10},"end":{"line":83,"column":null}},"30":{"start":{"line":87,"column":6},"end":{"line":87,"column":null}},"31":{"start":{"line":88,"column":6},"end":{"line":88,"column":null}},"32":{"start":{"line":89,"column":6},"end":{"line":89,"column":null}},"33":{"start":{"line":90,"column":6},"end":{"line":90,"column":null}},"34":{"start":{"line":92,"column":6},"end":{"line":92,"column":null}},"35":{"start":{"line":93,"column":6},"end":{"line":93,"column":null}},"36":{"start":{"line":100,"column":31},"end":{"line":102,"column":null}},"37":{"start":{"line":105,"column":0},"end":{"line":105,"column":null}},"38":{"start":{"line":106,"column":0},"end":{"line":106,"column":null}},"39":{"start":{"line":107,"column":0},"end":{"line":107,"column":null}}},"fnMap":{"0":{"name":"(anonymous_0)","decl":{"start":{"line":22,"column":10},"end":{"line":22,"column":17}},"loc":{"start":{"line":22,"column":36},"end":{"line":42,"column":3}},"line":22},"1":{"name":"(anonymous_1)","decl":{"start":{"line":49,"column":10},"end":{"line":49,"column":22}},"loc":{"start":{"line":49,"column":22},"end":{"line":61,"column":3}},"line":49},"2":{"name":"(anonymous_2)","decl":{"start":{"line":68,"column":10},"end":{"line":68,"column":22}},"loc":{"start":{"line":68,"column":22},"end":{"line":95,"column":3}},"line":68}},"branchMap":{"0":{"loc":{"start":{"line":75,"column":6},"end":{"line":85,"column":null}},"type":"if","locations":[{"start":{"line":75,"column":6},"end":{"line":85,"column":null}},{"start":{"line":79,"column":13},"end":{"line":85,"column":null}}],"line":75},"1":{"loc":{"start":{"line":82,"column":8},"end":{"line":84,"column":null}},"type":"if","locations":[{"start":{"line":82,"column":8},"end":{"line":84,"column":null}},{"start":{},"end":{}}],"line":82}},"s":{"0":2,"1":0,"2":0,"3":0,"4":0,"5":0,"6":0,"7":0,"8":0,"9":2,"10":0,"11":0,"12":0,"13":0,"14":0,"15":0,"16":0,"17":2,"18":0,"19":0,"20":0,"21":0,"22":0,"23":0,"24":0,"25":0,"26":0,"27":0,"28":0,"29":0,"30":0,"31":0,"32":0,"33":0,"34":0,"35":0,"36":2,"37":2,"38":2,"39":2},"f":{"0":0,"1":0,"2":0},"b":{"0":[0,0],"1":[0,0]},"meta":{"lastBranch":2,"lastFunction":3,"lastStatement":40,"seen":{"s:14:37:42:Infinity":0,"f:22:10:22:17":0,"s:23:4:41:Infinity":1,"s:24:6:24:Infinity":2,"s:26:6:26:Infinity":3,"s:28:21:34:Infinity":4,"s:36:21:36:Infinity":5,"s:37:6:37:Infinity":6,"s:39:6:39:Infinity":7,"s:40:6:40:Infinity":8,"s:47:38:61:Infinity":9,"f:49:10:49:22":1,"s:50:4:60:Infinity":10,"s:51:6:51:Infinity":11,"s:52:6:52:Infinity":12,"s:54:22:54:Infinity":13,"s:55:6:55:Infinity":14,"s:57:6:57:Infinity":15,"s:59:6:59:Infinity":16,"s:66:37:95:Infinity":17,"f:68:10:68:22":2,"s:69:4:94:Infinity":18,"s:70:6:70:Infinity":19,"s:72:6:72:Infinity":20,"s:73:21:73:Infinity":21,"b:75:6:85:Infinity:79:13:85:Infinity":0,"s:75:6:85:Infinity":22,"s:76:8:76:Infinity":23,"s:77:8:77:Infinity":24,"s:78:8:78:Infinity":25,"s:80:8:80:Infinity":26,"s:81:8:81:Infinity":27,"b:82:8:84:Infinity:undefined:undefined:undefined:undefined":1,"s:82:8:84:Infinity":28,"s:83:10:83:Infinity":29,"s:87:6:87:Infinity":30,"s:88:6:88:Infinity":31,"s:89:6:89:Infinity":32,"s:90:6:90:Infinity":33,"s:92:6:92:Infinity":34,"s:93:6:93:Infinity":35,"s:100:31:102:Infinity":36,"s:105:0:105:Infinity":37,"s:106:0:106:Infinity":38,"s:107:0:107:Infinity":39}}}
,"/Users/kyle/rules/src/commands/init-command.ts": {"path":"/Users/kyle/rules/src/commands/init-command.ts","statementMap":{"0":{"start":{"line":17,"column":19},"end":{"line":17,"column":null}},"1":{"start":{"line":18,"column":2},"end":{"line":18,"column":null}},"2":{"start":{"line":21,"column":2},"end":{"line":28,"column":null}},"3":{"start":{"line":22,"column":4},"end":{"line":22,"column":null}},"4":{"start":{"line":24,"column":4},"end":{"line":26,"column":null}},"5":{"start":{"line":25,"column":6},"end":{"line":25,"column":null}},"6":{"start":{"line":27,"column":4},"end":{"line":27,"column":null}},"7":{"start":{"line":31,"column":2},"end":{"line":33,"column":null}},"8":{"start":{"line":32,"column":4},"end":{"line":32,"column":null}},"9":{"start":{"line":36,"column":42},"end":{"line":145,"column":null}},"10":{"start":{"line":50,"column":4},"end":{"line":50,"column":null}},"11":{"start":{"line":51,"column":21},"end":{"line":51,"column":null}},"12":{"start":{"line":53,"column":4},"end":{"line":53,"column":null}},"13":{"start":{"line":54,"column":4},"end":{"line":54,"column":null}},"14":{"start":{"line":55,"column":4},"end":{"line":55,"column":null}},"15":{"start":{"line":56,"column":4},"end":{"line":56,"column":null}},"16":{"start":{"line":59,"column":4},"end":{"line":114,"column":null}},"17":{"start":{"line":60,"column":6},"end":{"line":60,"column":null}},"18":{"start":{"line":61,"column":12},"end":{"line":61,"column":null}},"19":{"start":{"line":63,"column":6},"end":{"line":109,"column":null}},"20":{"start":{"line":64,"column":8},"end":{"line":64,"column":null}},"21":{"start":{"line":65,"column":8},"end":{"line":65,"column":null}},"22":{"start":{"line":68,"column":14},"end":{"line":68,"column":null}},"23":{"start":{"line":69,"column":42},"end":{"line":69,"column":null}},"24":{"start":{"line":70,"column":45},"end":{"line":70,"column":null}},"25":{"start":{"line":72,"column":8},"end":{"line":88,"column":null}},"26":{"start":{"line":73,"column":10},"end":{"line":73,"column":null}},"27":{"start":{"line":76,"column":10},"end":{"line":87,"column":null}},"28":{"start":{"line":77,"column":40},"end":{"line":81,"column":null}},"29":{"start":{"line":82,"column":12},"end":{"line":86,"column":null}},"30":{"start":{"line":83,"column":14},"end":{"line":83,"column":null}},"31":{"start":{"line":85,"column":14},"end":{"line":85,"column":null}},"32":{"start":{"line":91,"column":38},"end":{"line":93,"column":null}},"33":{"start":{"line":92,"column":22},"end":{"line":92,"column":null}},"34":{"start":{"line":96,"column":33},"end":{"line":96,"column":null}},"35":{"start":{"line":98,"column":8},"end":{"line":101,"column":null}},"36":{"start":{"line":99,"column":10},"end":{"line":99,"column":null}},"37":{"start":{"line":100,"column":10},"end":{"line":100,"column":null}},"38":{"start":{"line":103,"column":8},"end":{"line":108,"column":null}},"39":{"start":{"line":104,"column":10},"end":{"line":106,"column":null}},"40":{"start":{"line":107,"column":10},"end":{"line":107,"column":null}},"41":{"start":{"line":110,"column":6},"end":{"line":110,"column":null}},"42":{"start":{"line":111,"column":4},"end":{"line":114,"column":null}},"43":{"start":{"line":112,"column":6},"end":{"line":112,"column":null}},"44":{"start":{"line":113,"column":6},"end":{"line":113,"column":null}},"45":{"start":{"line":117,"column":4},"end":{"line":120,"column":null}},"46":{"start":{"line":118,"column":6},"end":{"line":118,"column":null}},"47":{"start":{"line":119,"column":6},"end":{"line":119,"column":null}},"48":{"start":{"line":123,"column":4},"end":{"line":123,"column":null}},"49":{"start":{"line":126,"column":4},"end":{"line":126,"column":null}},"50":{"start":{"line":128,"column":4},"end":{"line":128,"column":null}},"51":{"start":{"line":129,"column":4},"end":{"line":129,"column":null}},"52":{"start":{"line":130,"column":4},"end":{"line":130,"column":null}},"53":{"start":{"line":131,"column":4},"end":{"line":131,"column":null}},"54":{"start":{"line":134,"column":19},"end":{"line":134,"column":null}},"55":{"start":{"line":135,"column":4},"end":{"line":143,"column":null}},"56":{"start":{"line":136,"column":6},"end":{"line":136,"column":null}},"57":{"start":{"line":137,"column":6},"end":{"line":139,"column":null}},"58":{"start":{"line":138,"column":8},"end":{"line":138,"column":null}},"59":{"start":{"line":141,"column":6},"end":{"line":141,"column":null}},"60":{"start":{"line":142,"column":6},"end":{"line":142,"column":null}}},"fnMap":{"0":{"name":"validateInitOptions","decl":{"start":{"line":15,"column":15},"end":{"line":15,"column":35}},"loc":{"start":{"line":15,"column":75},"end":{"line":34,"column":null}},"line":15},"1":{"name":"(anonymous_1)","decl":{"start":{"line":49,"column":11},"end":{"line":49,"column":18}},"loc":{"start":{"line":49,"column":46},"end":{"line":144,"column":null}},"line":49},"2":{"name":"(anonymous_2)","decl":{"start":{"line":92,"column":10},"end":{"line":92,"column":11}},"loc":{"start":{"line":92,"column":22},"end":{"line":92,"column":null}},"line":92}},"branchMap":{"0":{"loc":{"start":{"line":24,"column":4},"end":{"line":26,"column":null}},"type":"if","locations":[{"start":{"line":24,"column":4},"end":{"line":26,"column":null}},{"start":{},"end":{}}],"line":24},"1":{"loc":{"start":{"line":31,"column":2},"end":{"line":33,"column":null}},"type":"if","locations":[{"start":{"line":31,"column":2},"end":{"line":33,"column":null}},{"start":{},"end":{}}],"line":31},"2":{"loc":{"start":{"line":59,"column":4},"end":{"line":114,"column":null}},"type":"if","locations":[{"start":{"line":59,"column":4},"end":{"line":114,"column":null}},{"start":{"line":111,"column":4},"end":{"line":114,"column":null}}],"line":59},"3":{"loc":{"start":{"line":59,"column":8},"end":{"line":59,"column":69}},"type":"binary-expr","locations":[{"start":{"line":59,"column":8},"end":{"line":59,"column":33}},{"start":{"line":59,"column":24},"end":{"line":59,"column":69}}],"line":59},"4":{"loc":{"start":{"line":63,"column":6},"end":{"line":109,"column":null}},"type":"if","locations":[{"start":{"line":63,"column":6},"end":{"line":109,"column":null}},{"start":{"line":66,"column":13},"end":{"line":109,"column":null}}],"line":63},"5":{"loc":{"start":{"line":72,"column":8},"end":{"line":88,"column":null}},"type":"if","locations":[{"start":{"line":72,"column":8},"end":{"line":88,"column":null}},{"start":{},"end":{}}],"line":72},"6":{"loc":{"start":{"line":82,"column":12},"end":{"line":86,"column":null}},"type":"if","locations":[{"start":{"line":82,"column":12},"end":{"line":86,"column":null}},{"start":{"line":84,"column":19},"end":{"line":86,"column":null}}],"line":82},"7":{"loc":{"start":{"line":98,"column":8},"end":{"line":101,"column":null}},"type":"if","locations":[{"start":{"line":98,"column":8},"end":{"line":101,"column":null}},{"start":{},"end":{}}],"line":98},"8":{"loc":{"start":{"line":103,"column":8},"end":{"line":108,"column":null}},"type":"if","locations":[{"start":{"line":103,"column":8},"end":{"line":108,"column":null}},{"start":{},"end":{}}],"line":103},"9":{"loc":{"start":{"line":111,"column":4},"end":{"line":114,"column":null}},"type":"if","locations":[{"start":{"line":111,"column":4},"end":{"line":114,"column":null}},{"start":{},"end":{}}],"line":111},"10":{"loc":{"start":{"line":111,"column":15},"end":{"line":111,"column":77}},"type":"binary-expr","locations":[{"start":{"line":111,"column":15},"end":{"line":111,"column":40}},{"start":{"line":111,"column":40},"end":{"line":111,"column":77}}],"line":111},"11":{"loc":{"start":{"line":117,"column":4},"end":{"line":120,"column":null}},"type":"if","locations":[{"start":{"line":117,"column":4},"end":{"line":120,"column":null}},{"start":{},"end":{}}],"line":117},"12":{"loc":{"start":{"line":135,"column":4},"end":{"line":143,"column":null}},"type":"if","locations":[{"start":{"line":135,"column":4},"end":{"line":143,"column":null}},{"start":{"line":140,"column":11},"end":{"line":143,"column":null}}],"line":135},"13":{"loc":{"start":{"line":137,"column":6},"end":{"line":139,"column":null}},"type":"if","locations":[{"start":{"line":137,"column":6},"end":{"line":139,"column":null}},{"start":{},"end":{}}],"line":137},"14":{"loc":{"start":{"line":141,"column":55},"end":{"line":141,"column":79}},"type":"binary-expr","locations":[{"start":{"line":141,"column":55},"end":{"line":141,"column":71}},{"start":{"line":141,"column":71},"end":{"line":141,"column":79}}],"line":141}},"s":{"0":0,"1":0,"2":0,"3":0,"4":0,"5":0,"6":0,"7":0,"8":0,"9":3,"10":0,"11":0,"12":0,"13":0,"14":0,"15":0,"16":0,"17":0,"18":0,"19":0,"20":0,"21":0,"22":0,"23":0,"24":0,"25":0,"26":0,"27":0,"28":0,"29":0,"30":0,"31":0,"32":0,"33":0,"34":0,"35":0,"36":0,"37":0,"38":0,"39":0,"40":0,"41":0,"42":0,"43":0,"44":0,"45":0,"46":0,"47":0,"48":0,"49":0,"50":0,"51":0,"52":0,"53":0,"54":0,"55":0,"56":0,"57":0,"58":0,"59":0,"60":0},"f":{"0":0,"1":0,"2":0},"b":{"0":[0,0],"1":[0,0],"2":[0,0],"3":[0,0],"4":[0,0],"5":[0,0],"6":[0,0],"7":[0,0],"8":[0,0],"9":[0,0],"10":[0,0],"11":[0,0],"12":[0,0],"13":[0,0],"14":[0,0]},"meta":{"lastBranch":15,"lastFunction":3,"lastStatement":61,"seen":{"f:15:15:15:35":0,"s:17:19:17:Infinity":0,"s:18:2:18:Infinity":1,"s:21:2:28:Infinity":2,"s:22:4:22:Infinity":3,"b:24:4:26:Infinity:undefined:undefined:undefined:undefined":0,"s:24:4:26:Infinity":4,"s:25:6:25:Infinity":5,"s:27:4:27:Infinity":6,"b:31:2:33:Infinity:undefined:undefined:undefined:undefined":1,"s:31:2:33:Infinity":7,"s:32:4:32:Infinity":8,"s:36:42:145:Infinity":9,"f:49:11:49:18":1,"s:50:4:50:Infinity":10,"s:51:21:51:Infinity":11,"s:53:4:53:Infinity":12,"s:54:4:54:Infinity":13,"s:55:4:55:Infinity":14,"s:56:4:56:Infinity":15,"b:59:4:114:Infinity:111:4:114:Infinity":2,"s:59:4:114:Infinity":16,"b:59:8:59:33:59:24:59:69":3,"s:60:6:60:Infinity":17,"s:61:12:61:Infinity":18,"b:63:6:109:Infinity:66:13:109:Infinity":4,"s:63:6:109:Infinity":19,"s:64:8:64:Infinity":20,"s:65:8:65:Infinity":21,"s:68:14:68:Infinity":22,"s:69:42:69:Infinity":23,"s:70:45:70:Infinity":24,"b:72:8:88:Infinity:undefined:undefined:undefined:undefined":5,"s:72:8:88:Infinity":25,"s:73:10:73:Infinity":26,"s:76:10:87:Infinity":27,"s:77:40:81:Infinity":28,"b:82:12:86:Infinity:84:19:86:Infinity":6,"s:82:12:86:Infinity":29,"s:83:14:83:Infinity":30,"s:85:14:85:Infinity":31,"s:91:38:93:Infinity":32,"f:92:10:92:11":2,"s:92:22:92:Infinity":33,"s:96:33:96:Infinity":34,"b:98:8:101:Infinity:undefined:undefined:undefined:undefined":7,"s:98:8:101:Infinity":35,"s:99:10:99:Infinity":36,"s:100:10:100:Infinity":37,"b:103:8:108:Infinity:undefined:undefined:undefined:undefined":8,"s:103:8:108:Infinity":38,"s:104:10:106:Infinity":39,"s:107:10:107:Infinity":40,"s:110:6:110:Infinity":41,"b:111:4:114:Infinity:undefined:undefined:undefined:undefined":9,"s:111:4:114:Infinity":42,"b:111:15:111:40:111:40:111:77":10,"s:112:6:112:Infinity":43,"s:113:6:113:Infinity":44,"b:117:4:120:Infinity:undefined:undefined:undefined:undefined":11,"s:117:4:120:Infinity":45,"s:118:6:118:Infinity":46,"s:119:6:119:Infinity":47,"s:123:4:123:Infinity":48,"s:126:4:126:Infinity":49,"s:128:4:128:Infinity":50,"s:129:4:129:Infinity":51,"s:130:4:130:Infinity":52,"s:131:4:131:Infinity":53,"s:134:19:134:Infinity":54,"b:135:4:143:Infinity:140:11:143:Infinity":12,"s:135:4:143:Infinity":55,"s:136:6:136:Infinity":56,"b:137:6:139:Infinity:undefined:undefined:undefined:undefined":13,"s:137:6:139:Infinity":57,"s:138:8:138:Infinity":58,"s:141:6:141:Infinity":59,"b:141:55:141:71:141:71:141:79":14,"s:142:6:142:Infinity":60}}}
,"/Users/kyle/rules/src/commands/knowledge-command.ts": {"path":"/Users/kyle/rules/src/commands/knowledge-command.ts","statementMap":{"0":{"start":{"line":14,"column":38},"end":{"line":35,"column":null}},"1":{"start":{"line":20,"column":4},"end":{"line":34,"column":null}},"2":{"start":{"line":21,"column":6},"end":{"line":21,"column":null}},"3":{"start":{"line":23,"column":6},"end":{"line":23,"column":null}},"4":{"start":{"line":25,"column":21},"end":{"line":28,"column":null}},"5":{"start":{"line":30,"column":21},"end":{"line":30,"column":null}},"6":{"start":{"line":31,"column":6},"end":{"line":31,"column":null}},"7":{"start":{"line":33,"column":6},"end":{"line":33,"column":null}},"8":{"start":{"line":40,"column":35},"end":{"line":58,"column":null}},"9":{"start":{"line":44,"column":4},"end":{"line":57,"column":null}},"10":{"start":{"line":45,"column":12},"end":{"line":45,"column":null}},"11":{"start":{"line":46,"column":6},"end":{"line":46,"column":null}},"12":{"start":{"line":48,"column":27},"end":{"line":48,"column":null}},"13":{"start":{"line":51,"column":28},"end":{"line":51,"column":null}},"14":{"start":{"line":52,"column":6},"end":{"line":55,"column":null}},"15":{"start":{"line":53,"column":8},"end":{"line":53,"column":null}},"16":{"start":{"line":54,"column":8},"end":{"line":54,"column":null}},"17":{"start":{"line":54,"column":39},"end":{"line":54,"column":62}},"18":{"start":{"line":56,"column":6},"end":{"line":56,"column":null}},"19":{"start":{"line":63,"column":36},"end":{"line":109,"column":null}},"20":{"start":{"line":67,"column":4},"end":{"line":108,"column":null}},"21":{"start":{"line":68,"column":6},"end":{"line":68,"column":null}},"22":{"start":{"line":69,"column":28},"end":{"line":69,"column":null}},"23":{"start":{"line":71,"column":6},"end":{"line":74,"column":null}},"24":{"start":{"line":72,"column":8},"end":{"line":72,"column":null}},"25":{"start":{"line":73,"column":8},"end":{"line":73,"column":null}},"26":{"start":{"line":76,"column":25},"end":{"line":76,"column":null}},"27":{"start":{"line":77,"column":6},"end":{"line":79,"column":null}},"28":{"start":{"line":78,"column":8},"end":{"line":78,"column":null}},"29":{"start":{"line":78,"column":53},"end":{"line":78,"column":90}},"30":{"start":{"line":81,"column":6},"end":{"line":81,"column":null}},"31":{"start":{"line":84,"column":22},"end":{"line":92,"column":null}},"32":{"start":{"line":86,"column":27},"end":{"line":86,"column":null}},"33":{"start":{"line":87,"column":10},"end":{"line":87,"column":null}},"34":{"start":{"line":87,"column":30},"end":{"line":87,"column":null}},"35":{"start":{"line":88,"column":10},"end":{"line":88,"column":null}},"36":{"start":{"line":89,"column":10},"end":{"line":89,"column":null}},"37":{"start":{"line":94,"column":6},"end":{"line":101,"column":null}},"38":{"start":{"line":95,"column":8},"end":{"line":95,"column":null}},"39":{"start":{"line":96,"column":8},"end":{"line":99,"column":null}},"40":{"start":{"line":97,"column":23},"end":{"line":97,"column":null}},"41":{"start":{"line":98,"column":10},"end":{"line":98,"column":null}},"42":{"start":{"line":100,"column":8},"end":{"line":100,"column":null}},"43":{"start":{"line":103,"column":6},"end":{"line":103,"column":null}},"44":{"start":{"line":104,"column":6},"end":{"line":104,"column":null}},"45":{"start":{"line":105,"column":6},"end":{"line":105,"column":null}},"46":{"start":{"line":107,"column":6},"end":{"line":107,"column":null}},"47":{"start":{"line":114,"column":38},"end":{"line":142,"column":null}},"48":{"start":{"line":117,"column":4},"end":{"line":141,"column":null}},"49":{"start":{"line":118,"column":6},"end":{"line":118,"column":null}},"50":{"start":{"line":120,"column":6},"end":{"line":120,"column":null}},"51":{"start":{"line":121,"column":21},"end":{"line":121,"column":null}},"52":{"start":{"line":123,"column":6},"end":{"line":134,"column":null}},"53":{"start":{"line":124,"column":8},"end":{"line":130,"column":null}},"54":{"start":{"line":125,"column":10},"end":{"line":125,"column":null}},"55":{"start":{"line":126,"column":10},"end":{"line":126,"column":null}},"56":{"start":{"line":128,"column":10},"end":{"line":128,"column":null}},"57":{"start":{"line":129,"column":10},"end":{"line":129,"column":null}},"58":{"start":{"line":132,"column":8},"end":{"line":132,"column":null}},"59":{"start":{"line":133,"column":8},"end":{"line":133,"column":null}},"60":{"start":{"line":136,"column":6},"end":{"line":136,"column":null}},"61":{"start":{"line":137,"column":6},"end":{"line":137,"column":null}},"62":{"start":{"line":138,"column":6},"end":{"line":138,"column":null}},"63":{"start":{"line":140,"column":6},"end":{"line":140,"column":null}},"64":{"start":{"line":147,"column":32},"end":{"line":149,"column":null}},"65":{"start":{"line":152,"column":0},"end":{"line":152,"column":null}},"66":{"start":{"line":153,"column":0},"end":{"line":153,"column":null}},"67":{"start":{"line":154,"column":0},"end":{"line":154,"column":null}},"68":{"start":{"line":155,"column":0},"end":{"line":155,"column":null}}},"fnMap":{"0":{"name":"(anonymous_0)","decl":{"start":{"line":19,"column":10},"end":{"line":19,"column":17}},"loc":{"start":{"line":19,"column":36},"end":{"line":35,"column":3}},"line":19},"1":{"name":"(anonymous_1)","decl":{"start":{"line":43,"column":10},"end":{"line":43,"column":17}},"loc":{"start":{"line":43,"column":25},"end":{"line":58,"column":3}},"line":43},"2":{"name":"(anonymous_2)","decl":{"start":{"line":54,"column":30},"end":{"line":54,"column":31}},"loc":{"start":{"line":54,"column":39},"end":{"line":54,"column":62}},"line":54},"3":{"name":"(anonymous_3)","decl":{"start":{"line":66,"column":10},"end":{"line":66,"column":17}},"loc":{"start":{"line":66,"column":29},"end":{"line":109,"column":3}},"line":66},"4":{"name":"(anonymous_4)","decl":{"start":{"line":78,"column":44},"end":{"line":78,"column":45}},"loc":{"start":{"line":78,"column":53},"end":{"line":78,"column":90}},"line":78},"5":{"name":"(anonymous_5)","decl":{"start":{"line":85,"column":8},"end":{"line":85,"column":9}},"loc":{"start":{"line":85,"column":22},"end":{"line":90,"column":null}},"line":85},"6":{"name":"(anonymous_6)","decl":{"start":{"line":94,"column":38},"end":{"line":94,"column":39}},"loc":{"start":{"line":94,"column":60},"end":{"line":101,"column":7}},"line":94},"7":{"name":"(anonymous_7)","decl":{"start":{"line":96,"column":21},"end":{"line":96,"column":22}},"loc":{"start":{"line":96,"column":30},"end":{"line":99,"column":9}},"line":96},"8":{"name":"(anonymous_8)","decl":{"start":{"line":116,"column":10},"end":{"line":116,"column":22}},"loc":{"start":{"line":116,"column":22},"end":{"line":142,"column":3}},"line":116}},"branchMap":{"0":{"loc":{"start":{"line":52,"column":6},"end":{"line":55,"column":null}},"type":"if","locations":[{"start":{"line":52,"column":6},"end":{"line":55,"column":null}},{"start":{},"end":{}}],"line":52},"1":{"loc":{"start":{"line":71,"column":6},"end":{"line":74,"column":null}},"type":"if","locations":[{"start":{"line":71,"column":6},"end":{"line":74,"column":null}},{"start":{},"end":{}}],"line":71},"2":{"loc":{"start":{"line":77,"column":6},"end":{"line":79,"column":null}},"type":"if","locations":[{"start":{"line":77,"column":6},"end":{"line":79,"column":null}},{"start":{},"end":{}}],"line":77},"3":{"loc":{"start":{"line":86,"column":27},"end":{"line":86,"column":null}},"type":"binary-expr","locations":[{"start":{"line":86,"column":27},"end":{"line":86,"column":48}},{"start":{"line":86,"column":48},"end":{"line":86,"column":null}}],"line":86},"4":{"loc":{"start":{"line":87,"column":10},"end":{"line":87,"column":null}},"type":"if","locations":[{"start":{"line":87,"column":10},"end":{"line":87,"column":null}},{"start":{},"end":{}}],"line":87},"5":{"loc":{"start":{"line":97,"column":23},"end":{"line":97,"column":null}},"type":"binary-expr","locations":[{"start":{"line":97,"column":23},"end":{"line":97,"column":47}},{"start":{"line":97,"column":47},"end":{"line":97,"column":null}}],"line":97},"6":{"loc":{"start":{"line":123,"column":6},"end":{"line":134,"column":null}},"type":"if","locations":[{"start":{"line":123,"column":6},"end":{"line":134,"column":null}},{"start":{"line":131,"column":13},"end":{"line":134,"column":null}}],"line":123},"7":{"loc":{"start":{"line":124,"column":8},"end":{"line":130,"column":null}},"type":"if","locations":[{"start":{"line":124,"column":8},"end":{"line":130,"column":null}},{"start":{"line":127,"column":15},"end":{"line":130,"column":null}}],"line":124},"8":{"loc":{"start":{"line":125,"column":56},"end":{"line":125,"column":86}},"type":"binary-expr","locations":[{"start":{"line":125,"column":56},"end":{"line":125,"column":85}},{"start":{"line":125,"column":85},"end":{"line":125,"column":86}}],"line":125}},"s":{"0":2,"1":0,"2":0,"3":0,"4":0,"5":0,"6":0,"7":0,"8":2,"9":0,"10":0,"11":0,"12":0,"13":0,"14":0,"15":0,"16":0,"17":0,"18":0,"19":2,"20":0,"21":0,"22":0,"23":0,"24":0,"25":0,"26":0,"27":0,"28":0,"29":0,"30":0,"31":0,"32":0,"33":0,"34":0,"35":0,"36":0,"37":0,"38":0,"39":0,"40":0,"41":0,"42":0,"43":0,"44":0,"45":0,"46":0,"47":2,"48":0,"49":0,"50":0,"51":0,"52":0,"53":0,"54":0,"55":0,"56":0,"57":0,"58":0,"59":0,"60":0,"61":0,"62":0,"63":0,"64":2,"65":2,"66":2,"67":2,"68":2},"f":{"0":0,"1":0,"2":0,"3":0,"4":0,"5":0,"6":0,"7":0,"8":0},"b":{"0":[0,0],"1":[0,0],"2":[0,0],"3":[0,0],"4":[0,0],"5":[0,0],"6":[0,0],"7":[0,0],"8":[0,0]},"meta":{"lastBranch":9,"lastFunction":9,"lastStatement":69,"seen":{"s:14:38:35:Infinity":0,"f:19:10:19:17":0,"s:20:4:34:Infinity":1,"s:21:6:21:Infinity":2,"s:23:6:23:Infinity":3,"s:25:21:28:Infinity":4,"s:30:21:30:Infinity":5,"s:31:6:31:Infinity":6,"s:33:6:33:Infinity":7,"s:40:35:58:Infinity":8,"f:43:10:43:17":1,"s:44:4:57:Infinity":9,"s:45:12:45:Infinity":10,"s:46:6:46:Infinity":11,"s:48:27:48:Infinity":12,"s:51:28:51:Infinity":13,"b:52:6:55:Infinity:undefined:undefined:undefined:undefined":0,"s:52:6:55:Infinity":14,"s:53:8:53:Infinity":15,"s:54:8:54:Infinity":16,"f:54:30:54:31":2,"s:54:39:54:62":17,"s:56:6:56:Infinity":18,"s:63:36:109:Infinity":19,"f:66:10:66:17":3,"s:67:4:108:Infinity":20,"s:68:6:68:Infinity":21,"s:69:28:69:Infinity":22,"b:71:6:74:Infinity:undefined:undefined:undefined:undefined":1,"s:71:6:74:Infinity":23,"s:72:8:72:Infinity":24,"s:73:8:73:Infinity":25,"s:76:25:76:Infinity":26,"b:77:6:79:Infinity:undefined:undefined:undefined:undefined":2,"s:77:6:79:Infinity":27,"s:78:8:78:Infinity":28,"f:78:44:78:45":4,"s:78:53:78:90":29,"s:81:6:81:Infinity":30,"s:84:22:92:Infinity":31,"f:85:8:85:9":5,"s:86:27:86:Infinity":32,"b:86:27:86:48:86:48:86:Infinity":3,"b:87:10:87:Infinity:undefined:undefined:undefined:undefined":4,"s:87:10:87:Infinity":33,"s:87:30:87:Infinity":34,"s:88:10:88:Infinity":35,"s:89:10:89:Infinity":36,"s:94:6:101:Infinity":37,"f:94:38:94:39":6,"s:95:8:95:Infinity":38,"s:96:8:99:Infinity":39,"f:96:21:96:22":7,"s:97:23:97:Infinity":40,"b:97:23:97:47:97:47:97:Infinity":5,"s:98:10:98:Infinity":41,"s:100:8:100:Infinity":42,"s:103:6:103:Infinity":43,"s:104:6:104:Infinity":44,"s:105:6:105:Infinity":45,"s:107:6:107:Infinity":46,"s:114:38:142:Infinity":47,"f:116:10:116:22":8,"s:117:4:141:Infinity":48,"s:118:6:118:Infinity":49,"s:120:6:120:Infinity":50,"s:121:21:121:Infinity":51,"b:123:6:134:Infinity:131:13:134:Infinity":6,"s:123:6:134:Infinity":52,"b:124:8:130:Infinity:127:15:130:Infinity":7,"s:124:8:130:Infinity":53,"s:125:10:125:Infinity":54,"b:125:56:125:85:125:85:125:86":8,"s:126:10:126:Infinity":55,"s:128:10:128:Infinity":56,"s:129:10:129:Infinity":57,"s:132:8:132:Infinity":58,"s:133:8:133:Infinity":59,"s:136:6:136:Infinity":60,"s:137:6:137:Infinity":61,"s:138:6:138:Infinity":62,"s:140:6:140:Infinity":63,"s:147:32:149:Infinity":64,"s:152:0:152:Infinity":65,"s:153:0:153:Infinity":66,"s:154:0:154:Infinity":67,"s:155:0:155:Infinity":68}}}
,"/Users/kyle/rules/src/commands/mcp-command.ts": {"path":"/Users/kyle/rules/src/commands/mcp-command.ts","statementMap":{"0":{"start":{"line":15,"column":40},"end":{"line":66,"column":null}},"1":{"start":{"line":17,"column":15},"end":{"line":23,"column":null}},"2":{"start":{"line":25,"column":2},"end":{"line":60,"column":null}},"3":{"start":{"line":26,"column":4},"end":{"line":59,"column":null}},"4":{"start":{"line":28,"column":8},"end":{"line":34,"column":null}},"5":{"start":{"line":35,"column":8},"end":{"line":35,"column":null}},"6":{"start":{"line":37,"column":8},"end":{"line":43,"column":null}},"7":{"start":{"line":44,"column":8},"end":{"line":44,"column":null}},"8":{"start":{"line":46,"column":8},"end":{"line":52,"column":null}},"9":{"start":{"line":53,"column":8},"end":{"line":53,"column":null}},"10":{"start":{"line":55,"column":8},"end":{"line":58,"column":null}},"11":{"start":{"line":62,"column":2},"end":{"line":62,"column":null}},"12":{"start":{"line":65,"column":2},"end":{"line":65,"column":null}},"13":{"start":{"line":69,"column":42},"end":{"line":208,"column":null}},"14":{"start":{"line":76,"column":19},"end":{"line":76,"column":null}},"15":{"start":{"line":78,"column":2},"end":{"line":80,"column":null}},"16":{"start":{"line":79,"column":4},"end":{"line":79,"column":null}},"17":{"start":{"line":82,"column":18},"end":{"line":82,"column":null}},"18":{"start":{"line":84,"column":2},"end":{"line":134,"column":null}},"19":{"start":{"line":85,"column":4},"end":{"line":85,"column":null}},"20":{"start":{"line":86,"column":10},"end":{"line":86,"column":null}},"21":{"start":{"line":88,"column":4},"end":{"line":132,"column":null}},"22":{"start":{"line":89,"column":6},"end":{"line":89,"column":null}},"23":{"start":{"line":92,"column":12},"end":{"line":92,"column":null}},"24":{"start":{"line":93,"column":40},"end":{"line":93,"column":null}},"25":{"start":{"line":94,"column":43},"end":{"line":94,"column":null}},"26":{"start":{"line":96,"column":6},"end":{"line":111,"column":null}},"27":{"start":{"line":97,"column":8},"end":{"line":97,"column":null}},"28":{"start":{"line":99,"column":8},"end":{"line":110,"column":null}},"29":{"start":{"line":100,"column":38},"end":{"line":104,"column":null}},"30":{"start":{"line":105,"column":10},"end":{"line":109,"column":null}},"31":{"start":{"line":106,"column":12},"end":{"line":106,"column":null}},"32":{"start":{"line":108,"column":12},"end":{"line":108,"column":null}},"33":{"start":{"line":114,"column":36},"end":{"line":116,"column":null}},"34":{"start":{"line":115,"column":20},"end":{"line":115,"column":null}},"35":{"start":{"line":119,"column":31},"end":{"line":119,"column":null}},"36":{"start":{"line":121,"column":6},"end":{"line":124,"column":null}},"37":{"start":{"line":122,"column":8},"end":{"line":122,"column":null}},"38":{"start":{"line":123,"column":8},"end":{"line":123,"column":null}},"39":{"start":{"line":126,"column":6},"end":{"line":131,"column":null}},"40":{"start":{"line":127,"column":8},"end":{"line":129,"column":null}},"41":{"start":{"line":130,"column":8},"end":{"line":130,"column":null}},"42":{"start":{"line":133,"column":4},"end":{"line":133,"column":null}},"43":{"start":{"line":136,"column":2},"end":{"line":138,"column":null}},"44":{"start":{"line":137,"column":4},"end":{"line":137,"column":null}},"45":{"start":{"line":141,"column":33},"end":{"line":141,"column":null}},"46":{"start":{"line":142,"column":2},"end":{"line":150,"column":null}},"47":{"start":{"line":143,"column":4},"end":{"line":149,"column":null}},"48":{"start":{"line":144,"column":6},"end":{"line":144,"column":null}},"49":{"start":{"line":146,"column":6},"end":{"line":148,"column":null}},"50":{"start":{"line":152,"column":2},"end":{"line":158,"column":null}},"51":{"start":{"line":153,"column":10},"end":{"line":153,"column":null}},"52":{"start":{"line":154,"column":4},"end":{"line":157,"column":null}},"53":{"start":{"line":160,"column":2},"end":{"line":160,"column":null}},"54":{"start":{"line":161,"column":2},"end":{"line":207,"column":null}},"55":{"start":{"line":162,"column":4},"end":{"line":162,"column":null}},"56":{"start":{"line":165,"column":31},"end":{"line":167,"column":null}},"57":{"start":{"line":165,"column":52},"end":{"line":166,"column":null}},"58":{"start":{"line":168,"column":38},"end":{"line":168,"column":null}},"59":{"start":{"line":169,"column":41},"end":{"line":169,"column":null}},"60":{"start":{"line":171,"column":4},"end":{"line":186,"column":null}},"61":{"start":{"line":172,"column":6},"end":{"line":172,"column":null}},"62":{"start":{"line":174,"column":6},"end":{"line":185,"column":null}},"63":{"start":{"line":175,"column":36},"end":{"line":179,"column":null}},"64":{"start":{"line":180,"column":8},"end":{"line":184,"column":null}},"65":{"start":{"line":181,"column":10},"end":{"line":181,"column":null}},"66":{"start":{"line":183,"column":10},"end":{"line":183,"column":null}},"67":{"start":{"line":189,"column":34},"end":{"line":191,"column":null}},"68":{"start":{"line":190,"column":18},"end":{"line":190,"column":null}},"69":{"start":{"line":194,"column":29},"end":{"line":194,"column":null}},"70":{"start":{"line":196,"column":4},"end":{"line":199,"column":null}},"71":{"start":{"line":197,"column":6},"end":{"line":197,"column":null}},"72":{"start":{"line":198,"column":6},"end":{"line":198,"column":null}},"73":{"start":{"line":201,"column":4},"end":{"line":206,"column":null}},"74":{"start":{"line":202,"column":6},"end":{"line":204,"column":null}},"75":{"start":{"line":205,"column":6},"end":{"line":205,"column":null}},"76":{"start":{"line":211,"column":39},"end":{"line":215,"column":null}},"77":{"start":{"line":213,"column":19},"end":{"line":213,"column":null}},"78":{"start":{"line":214,"column":2},"end":{"line":214,"column":null}},"79":{"start":{"line":218,"column":41},"end":{"line":241,"column":null}},"80":{"start":{"line":219,"column":17},"end":{"line":219,"column":null}},"81":{"start":{"line":220,"column":2},"end":{"line":222,"column":null}},"82":{"start":{"line":221,"column":4},"end":{"line":221,"column":null}},"83":{"start":{"line":225,"column":19},"end":{"line":225,"column":null}},"84":{"start":{"line":227,"column":2},"end":{"line":229,"column":null}},"85":{"start":{"line":228,"column":4},"end":{"line":228,"column":null}},"86":{"start":{"line":232,"column":2},"end":{"line":238,"column":null}},"87":{"start":{"line":233,"column":10},"end":{"line":233,"column":null}},"88":{"start":{"line":234,"column":4},"end":{"line":237,"column":null}},"89":{"start":{"line":240,"column":2},"end":{"line":240,"column":null}},"90":{"start":{"line":243,"column":41},"end":{"line":320,"column":null}}},"fnMap":{"0":{"name":"(anonymous_0)","decl":{"start":{"line":15,"column":40},"end":{"line":15,"column":47}},"loc":{"start":{"line":15,"column":75},"end":{"line":66,"column":null}},"line":15},"1":{"name":"(anonymous_1)","decl":{"start":{"line":69,"column":42},"end":{"line":69,"column":49}},"loc":{"start":{"line":74,"column":6},"end":{"line":208,"column":null}},"line":74},"2":{"name":"(anonymous_2)","decl":{"start":{"line":115,"column":8},"end":{"line":115,"column":9}},"loc":{"start":{"line":115,"column":20},"end":{"line":115,"column":null}},"line":115},"3":{"name":"(anonymous_3)","decl":{"start":{"line":165,"column":51},"end":{"line":165,"column":52}},"loc":{"start":{"line":165,"column":52},"end":{"line":166,"column":null}},"line":165},"4":{"name":"(anonymous_4)","decl":{"start":{"line":190,"column":6},"end":{"line":190,"column":7}},"loc":{"start":{"line":190,"column":18},"end":{"line":190,"column":null}},"line":190},"5":{"name":"(anonymous_5)","decl":{"start":{"line":211,"column":39},"end":{"line":211,"column":46}},"loc":{"start":{"line":211,"column":58},"end":{"line":215,"column":null}},"line":211},"6":{"name":"(anonymous_6)","decl":{"start":{"line":218,"column":41},"end":{"line":218,"column":48}},"loc":{"start":{"line":218,"column":60},"end":{"line":241,"column":null}},"line":218}},"branchMap":{"0":{"loc":{"start":{"line":25,"column":2},"end":{"line":60,"column":null}},"type":"if","locations":[{"start":{"line":25,"column":2},"end":{"line":60,"column":null}},{"start":{},"end":{}}],"line":25},"1":{"loc":{"start":{"line":26,"column":4},"end":{"line":59,"column":null}},"type":"switch","locations":[{"start":{"line":27,"column":6},"end":{"line":35,"column":null}},{"start":{"line":36,"column":6},"end":{"line":44,"column":null}},{"start":{"line":45,"column":6},"end":{"line":53,"column":null}},{"start":{"line":54,"column":6},"end":{"line":58,"column":null}}],"line":26},"2":{"loc":{"start":{"line":78,"column":2},"end":{"line":80,"column":null}},"type":"if","locations":[{"start":{"line":78,"column":2},"end":{"line":80,"column":null}},{"start":{},"end":{}}],"line":78},"3":{"loc":{"start":{"line":82,"column":18},"end":{"line":82,"column":null}},"type":"binary-expr","locations":[{"start":{"line":82,"column":18},"end":{"line":82,"column":37}},{"start":{"line":82,"column":37},"end":{"line":82,"column":null}}],"line":82},"4":{"loc":{"start":{"line":84,"column":2},"end":{"line":134,"column":null}},"type":"if","locations":[{"start":{"line":84,"column":2},"end":{"line":134,"column":null}},{"start":{},"end":{}}],"line":84},"5":{"loc":{"start":{"line":88,"column":4},"end":{"line":132,"column":null}},"type":"if","locations":[{"start":{"line":88,"column":4},"end":{"line":132,"column":null}},{"start":{"line":90,"column":11},"end":{"line":132,"column":null}}],"line":88},"6":{"loc":{"start":{"line":96,"column":6},"end":{"line":111,"column":null}},"type":"if","locations":[{"start":{"line":96,"column":6},"end":{"line":111,"column":null}},{"start":{},"end":{}}],"line":96},"7":{"loc":{"start":{"line":105,"column":10},"end":{"line":109,"column":null}},"type":"if","locations":[{"start":{"line":105,"column":10},"end":{"line":109,"column":null}},{"start":{"line":107,"column":17},"end":{"line":109,"column":null}}],"line":105},"8":{"loc":{"start":{"line":121,"column":6},"end":{"line":124,"column":null}},"type":"if","locations":[{"start":{"line":121,"column":6},"end":{"line":124,"column":null}},{"start":{},"end":{}}],"line":121},"9":{"loc":{"start":{"line":126,"column":6},"end":{"line":131,"column":null}},"type":"if","locations":[{"start":{"line":126,"column":6},"end":{"line":131,"column":null}},{"start":{},"end":{}}],"line":126},"10":{"loc":{"start":{"line":136,"column":2},"end":{"line":138,"column":null}},"type":"if","locations":[{"start":{"line":136,"column":2},"end":{"line":138,"column":null}},{"start":{},"end":{}}],"line":136},"11":{"loc":{"start":{"line":143,"column":4},"end":{"line":149,"column":null}},"type":"if","locations":[{"start":{"line":143,"column":4},"end":{"line":149,"column":null}},{"start":{"line":145,"column":11},"end":{"line":149,"column":null}}],"line":143},"12":{"loc":{"start":{"line":152,"column":2},"end":{"line":158,"column":null}},"type":"if","locations":[{"start":{"line":152,"column":2},"end":{"line":158,"column":null}},{"start":{},"end":{}}],"line":152},"13":{"loc":{"start":{"line":161,"column":2},"end":{"line":207,"column":null}},"type":"if","locations":[{"start":{"line":161,"column":2},"end":{"line":207,"column":null}},{"start":{"line":163,"column":9},"end":{"line":207,"column":null}}],"line":161},"14":{"loc":{"start":{"line":171,"column":4},"end":{"line":186,"column":null}},"type":"if","locations":[{"start":{"line":171,"column":4},"end":{"line":186,"column":null}},{"start":{},"end":{}}],"line":171},"15":{"loc":{"start":{"line":180,"column":8},"end":{"line":184,"column":null}},"type":"if","locations":[{"start":{"line":180,"column":8},"end":{"line":184,"column":null}},{"start":{"line":182,"column":15},"end":{"line":184,"column":null}}],"line":180},"16":{"loc":{"start":{"line":196,"column":4},"end":{"line":199,"column":null}},"type":"if","locations":[{"start":{"line":196,"column":4},"end":{"line":199,"column":null}},{"start":{},"end":{}}],"line":196},"17":{"loc":{"start":{"line":201,"column":4},"end":{"line":206,"column":null}},"type":"if","locations":[{"start":{"line":201,"column":4},"end":{"line":206,"column":null}},{"start":{},"end":{}}],"line":201},"18":{"loc":{"start":{"line":220,"column":2},"end":{"line":222,"column":null}},"type":"if","locations":[{"start":{"line":220,"column":2},"end":{"line":222,"column":null}},{"start":{},"end":{}}],"line":220},"19":{"loc":{"start":{"line":227,"column":2},"end":{"line":229,"column":null}},"type":"if","locations":[{"start":{"line":227,"column":2},"end":{"line":229,"column":null}},{"start":{},"end":{}}],"line":227},"20":{"loc":{"start":{"line":232,"column":2},"end":{"line":238,"column":null}},"type":"if","locations":[{"start":{"line":232,"column":2},"end":{"line":238,"column":null}},{"start":{},"end":{}}],"line":232}},"s":{"0":2,"1":0,"2":0,"3":0,"4":0,"5":0,"6":0,"7":0,"8":0,"9":0,"10":0,"11":0,"12":0,"13":2,"14":0,"15":0,"16":0,"17":0,"18":0,"19":0,"20":0,"21":0,"22":0,"23":0,"24":0,"25":0,"26":0,"27":0,"28":0,"29":0,"30":0,"31":0,"32":0,"33":0,"34":0,"35":0,"36":0,"37":0,"38":0,"39":0,"40":0,"41":0,"42":0,"43":0,"44":0,"45":0,"46":0,"47":0,"48":0,"49":0,"50":0,"51":0,"52":0,"53":0,"54":0,"55":0,"56":0,"57":0,"58":0,"59":0,"60":0,"61":0,"62":0,"63":0,"64":0,"65":0,"66":0,"67":0,"68":0,"69":0,"70":0,"71":0,"72":0,"73":0,"74":0,"75":0,"76":2,"77":0,"78":0,"79":2,"80":0,"81":0,"82":0,"83":0,"84":0,"85":0,"86":0,"87":0,"88":0,"89":0,"90":2},"f":{"0":0,"1":0,"2":0,"3":0,"4":0,"5":0,"6":0},"b":{"0":[0,0],"1":[0,0,0,0],"2":[0,0],"3":[0,0],"4":[0,0],"5":[0,0],"6":[0,0],"7":[0,0],"8":[0,0],"9":[0,0],"10":[0,0],"11":[0,0],"12":[0,0],"13":[0,0],"14":[0,0],"15":[0,0],"16":[0,0],"17":[0,0],"18":[0,0],"19":[0,0],"20":[0,0]},"meta":{"lastBranch":21,"lastFunction":7,"lastStatement":91,"seen":{"s:15:40:66:Infinity":0,"f:15:40:15:47":0,"s:17:15:23:Infinity":1,"b:25:2:60:Infinity:undefined:undefined:undefined:undefined":0,"s:25:2:60:Infinity":2,"b:27:6:35:Infinity:36:6:44:Infinity:45:6:53:Infinity:54:6:58:Infinity":1,"s:26:4:59:Infinity":3,"s:28:8:34:Infinity":4,"s:35:8:35:Infinity":5,"s:37:8:43:Infinity":6,"s:44:8:44:Infinity":7,"s:46:8:52:Infinity":8,"s:53:8:53:Infinity":9,"s:55:8:58:Infinity":10,"s:62:2:62:Infinity":11,"s:65:2:65:Infinity":12,"s:69:42:208:Infinity":13,"f:69:42:69:49":1,"s:76:19:76:Infinity":14,"b:78:2:80:Infinity:undefined:undefined:undefined:undefined":2,"s:78:2:80:Infinity":15,"s:79:4:79:Infinity":16,"s:82:18:82:Infinity":17,"b:82:18:82:37:82:37:82:Infinity":3,"b:84:2:134:Infinity:undefined:undefined:undefined:undefined":4,"s:84:2:134:Infinity":18,"s:85:4:85:Infinity":19,"s:86:10:86:Infinity":20,"b:88:4:132:Infinity:90:11:132:Infinity":5,"s:88:4:132:Infinity":21,"s:89:6:89:Infinity":22,"s:92:12:92:Infinity":23,"s:93:40:93:Infinity":24,"s:94:43:94:Infinity":25,"b:96:6:111:Infinity:undefined:undefined:undefined:undefined":6,"s:96:6:111:Infinity":26,"s:97:8:97:Infinity":27,"s:99:8:110:Infinity":28,"s:100:38:104:Infinity":29,"b:105:10:109:Infinity:107:17:109:Infinity":7,"s:105:10:109:Infinity":30,"s:106:12:106:Infinity":31,"s:108:12:108:Infinity":32,"s:114:36:116:Infinity":33,"f:115:8:115:9":2,"s:115:20:115:Infinity":34,"s:119:31:119:Infinity":35,"b:121:6:124:Infinity:undefined:undefined:undefined:undefined":8,"s:121:6:124:Infinity":36,"s:122:8:122:Infinity":37,"s:123:8:123:Infinity":38,"b:126:6:131:Infinity:undefined:undefined:undefined:undefined":9,"s:126:6:131:Infinity":39,"s:127:8:129:Infinity":40,"s:130:8:130:Infinity":41,"s:133:4:133:Infinity":42,"b:136:2:138:Infinity:undefined:undefined:undefined:undefined":10,"s:136:2:138:Infinity":43,"s:137:4:137:Infinity":44,"s:141:33:141:Infinity":45,"s:142:2:150:Infinity":46,"b:143:4:149:Infinity:145:11:149:Infinity":11,"s:143:4:149:Infinity":47,"s:144:6:144:Infinity":48,"s:146:6:148:Infinity":49,"b:152:2:158:Infinity:undefined:undefined:undefined:undefined":12,"s:152:2:158:Infinity":50,"s:153:10:153:Infinity":51,"s:154:4:157:Infinity":52,"s:160:2:160:Infinity":53,"b:161:2:207:Infinity:163:9:207:Infinity":13,"s:161:2:207:Infinity":54,"s:162:4:162:Infinity":55,"s:165:31:167:Infinity":56,"f:165:51:165:52":3,"s:165:52:166:Infinity":57,"s:168:38:168:Infinity":58,"s:169:41:169:Infinity":59,"b:171:4:186:Infinity:undefined:undefined:undefined:undefined":14,"s:171:4:186:Infinity":60,"s:172:6:172:Infinity":61,"s:174:6:185:Infinity":62,"s:175:36:179:Infinity":63,"b:180:8:184:Infinity:182:15:184:Infinity":15,"s:180:8:184:Infinity":64,"s:181:10:181:Infinity":65,"s:183:10:183:Infinity":66,"s:189:34:191:Infinity":67,"f:190:6:190:7":4,"s:190:18:190:Infinity":68,"s:194:29:194:Infinity":69,"b:196:4:199:Infinity:undefined:undefined:undefined:undefined":16,"s:196:4:199:Infinity":70,"s:197:6:197:Infinity":71,"s:198:6:198:Infinity":72,"b:201:4:206:Infinity:undefined:undefined:undefined:undefined":17,"s:201:4:206:Infinity":73,"s:202:6:204:Infinity":74,"s:205:6:205:Infinity":75,"s:211:39:215:Infinity":76,"f:211:39:211:46":5,"s:213:19:213:Infinity":77,"s:214:2:214:Infinity":78,"s:218:41:241:Infinity":79,"f:218:41:218:48":6,"s:219:17:219:Infinity":80,"b:220:2:222:Infinity:undefined:undefined:undefined:undefined":18,"s:220:2:222:Infinity":81,"s:221:4:221:Infinity":82,"s:225:19:225:Infinity":83,"b:227:2:229:Infinity:undefined:undefined:undefined:undefined":19,"s:227:2:229:Infinity":84,"s:228:4:228:Infinity":85,"b:232:2:238:Infinity:undefined:undefined:undefined:undefined":20,"s:232:2:238:Infinity":86,"s:233:10:233:Infinity":87,"s:234:4:237:Infinity":88,"s:240:2:240:Infinity":89,"s:243:41:320:Infinity":90}}}
[...]
":{"line":248,"column":null}},"70":{"start":{"line":249,"column":18},"end":{"line":249,"column":null}},"71":{"start":{"line":250,"column":6},"end":{"line":252,"column":null}},"72":{"start":{"line":251,"column":8},"end":{"line":251,"column":null}},"73":{"start":{"line":254,"column":6},"end":{"line":262,"column":null}},"74":{"start":{"line":264,"column":6},"end":{"line":264,"column":null}},"75":{"start":{"line":265,"column":6},"end":{"line":265,"column":null}},"76":{"start":{"line":273,"column":4},"end":{"line":275,"column":null}},"77":{"start":{"line":274,"column":6},"end":{"line":274,"column":null}},"78":{"start":{"line":277,"column":20},"end":{"line":277,"column":null}},"79":{"start":{"line":278,"column":29},"end":{"line":297,"column":null}},"80":{"start":{"line":280,"column":19},"end":{"line":280,"column":null}},"81":{"start":{"line":283,"column":8},"end":{"line":290,"column":null}},"82":{"start":{"line":284,"column":27},"end":{"line":284,"column":null}},"83":{"start":{"line":285,"column":10},"end":{"line":285,"column":null}},"84":{"start":{"line":286,"column":8},"end":{"line":290,"column":null}},"85":{"start":{"line":287,"column":10},"end":{"line":287,"column":null}},"86":{"start":{"line":289,"column":10},"end":{"line":289,"column":null}},"87":{"start":{"line":292,"column":8},"end":{"line":294,"column":null}},"88":{"start":{"line":293,"column":10},"end":{"line":293,"column":null}},"89":{"start":{"line":295,"column":8},"end":{"line":295,"column":null}},"90":{"start":{"line":299,"column":4},"end":{"line":299,"column":null}},"91":{"start":{"line":312,"column":20},"end":{"line":312,"column":null}},"92":{"start":{"line":313,"column":29},"end":{"line":332,"column":null}},"93":{"start":{"line":315,"column":19},"end":{"line":315,"column":null}},"94":{"start":{"line":318,"column":8},"end":{"line":325,"column":null}},"95":{"start":{"line":319,"column":27},"end":{"line":319,"column":null}},"96":{"start":{"line":320,"column":10},"end":{"line":320,"column":null}},"97":{"start":{"line":321,"column":8},"end":{"line":325,"column":null}},"98":{"start":{"line":322,"column":10},"end":{"line":322,"column":null}},"99":{"start":{"line":324,"column":10},"end":{"line":324,"column":null}},"100":{"start":{"line":327,"column":8},"end":{"line":329,"column":null}},"101":{"start":{"line":328,"column":10},"end":{"line":328,"column":null}},"102":{"start":{"line":330,"column":8},"end":{"line":330,"column":null}},"103":{"start":{"line":334,"column":4},"end":{"line":341,"column":null}},"104":{"start":{"line":348,"column":4},"end":{"line":353,"column":null}},"105":{"start":{"line":349,"column":20},"end":{"line":349,"column":null}},"106":{"start":{"line":350,"column":6},"end":{"line":350,"column":null}},"107":{"start":{"line":350,"column":42},"end":{"line":350,"column":49}},"108":{"start":{"line":352,"column":6},"end":{"line":352,"column":null}},"109":{"start":{"line":358,"column":29},"end":{"line":358,"column":null}}},"fnMap":{"0":{"name":"(anonymous_0)","decl":{"start":{"line":48,"column":2},"end":{"line":48,"column":16}},"loc":{"start":{"line":48,"column":16},"end":{"line":50,"column":null}},"line":48},"1":{"name":"(anonymous_1)","decl":{"start":{"line":55,"column":8},"end":{"line":55,"column":36}},"loc":{"start":{"line":55,"column":36},"end":{"line":57,"column":null}},"line":55},"2":{"name":"(anonymous_2)","decl":{"start":{"line":62,"column":8},"end":{"line":62,"column":43}},"loc":{"start":{"line":62,"column":43},"end":{"line":93,"column":null}},"line":62},"3":{"name":"(anonymous_3)","decl":{"start":{"line":98,"column":8},"end":{"line":98,"column":null}},"loc":{"start":{"line":105,"column":5},"end":{"line":180,"column":null}},"line":105},"4":{"name":"(anonymous_4)","decl":{"start":{"line":124,"column":27},"end":{"line":124,"column":28}},"loc":{"start":{"line":124,"column":37},"end":{"line":124,"column":91}},"line":124},"5":{"name":"(anonymous_5)","decl":{"start":{"line":124,"column":58},"end":{"line":124,"column":59}},"loc":{"start":{"line":124,"column":67},"end":{"line":124,"column":90}},"line":124},"6":{"name":"(anonymous_6)","decl":{"start":{"line":127,"column":27},"end":{"line":127,"column":28}},"loc":{"start":{"line":127,"column":37},"end":{"line":127,"column":68}},"line":127},"7":{"name":"(anonymous_7)","decl":{"start":{"line":130,"column":27},"end":{"line":130,"column":28}},"loc":{"start":{"line":130,"column":37},"end":{"line":130,"column":98}},"line":130},"8":{"name":"(anonymous_8)","decl":{"start":{"line":130,"column":57},"end":{"line":130,"column":58}},"loc":{"start":{"line":130,"column":70},"end":{"line":130,"column":97}},"line":130},"9":{"name":"(anonymous_9)","decl":{"start":{"line":185,"column":8},"end":{"line":185,"column":null}},"loc":{"start":{"line":192,"column":5},"end":{"line":214,"column":null}},"line":192},"10":{"name":"(anonymous_10)","decl":{"start":{"line":199,"column":56},"end":{"line":199,"column":57}},"loc":{"start":{"line":199,"column":69},"end":{"line":204,"column":8}},"line":199},"11":{"name":"(anonymous_11)","decl":{"start":{"line":219,"column":16},"end":{"line":219,"column":33}},"loc":{"start":{"line":219,"column":76},"end":{"line":267,"column":null}},"line":219},"12":{"name":"(anonymous_12)","decl":{"start":{"line":272,"column":2},"end":{"line":272,"column":22}},"loc":{"start":{"line":272,"column":92},"end":{"line":300,"column":null}},"line":272},"13":{"name":"(anonymous_13)","decl":{"start":{"line":279,"column":11},"end":{"line":279,"column":12}},"loc":{"start":{"line":279,"column":26},"end":{"line":296,"column":7}},"line":279},"14":{"name":"(anonymous_14)","decl":{"start":{"line":305,"column":2},"end":{"line":305,"column":null}},"loc":{"start":{"line":311,"column":4},"end":{"line":342,"column":null}},"line":311},"15":{"name":"(anonymous_15)","decl":{"start":{"line":314,"column":11},"end":{"line":314,"column":12}},"loc":{"start":{"line":314,"column":26},"end":{"line":331,"column":7}},"line":314},"16":{"name":"(anonymous_16)","decl":{"start":{"line":347,"column":8},"end":{"line":347,"column":55}},"loc":{"start":{"line":347,"column":55},"end":{"line":354,"column":null}},"line":347},"17":{"name":"(anonymous_17)","decl":{"start":{"line":350,"column":33},"end":{"line":350,"column":34}},"loc":{"start":{"line":350,"column":42},"end":{"line":350,"column":49}},"line":350}},"branchMap":{"0":{"loc":{"start":{"line":100,"column":4},"end":{"line":100,"column":null}},"type":"default-arg","locations":[{"start":{"line":100,"column":29},"end":{"line":100,"column":null}}],"line":100},"1":{"loc":{"start":{"line":107,"column":6},"end":{"line":107,"column":null}},"type":"default-arg","locations":[{"start":{"line":107,"column":14},"end":{"line":107,"column":null}}],"line":107},"2":{"loc":{"start":{"line":108,"column":6},"end":{"line":108,"column":null}},"type":"default-arg","locations":[{"start":{"line":108,"column":24},"end":{"line":108,"column":null}}],"line":108},"3":{"loc":{"start":{"line":112,"column":6},"end":{"line":112,"column":null}},"type":"default-arg","locations":[{"start":{"line":112,"column":18},"end":{"line":112,"column":null}}],"line":112},"4":{"loc":{"start":{"line":117,"column":4},"end":{"line":119,"column":null}},"type":"if","locations":[{"start":{"line":117,"column":4},"end":{"line":119,"column":null}},{"start":{},"end":{}}],"line":117},"5":{"loc":{"start":{"line":123,"column":4},"end":{"line":125,"column":null}},"type":"if","locations":[{"start":{"line":123,"column":4},"end":{"line":125,"column":null}},{"start":{},"end":{}}],"line":123},"6":{"loc":{"start":{"line":126,"column":4},"end":{"line":128,"column":null}},"type":"if","locations":[{"start":{"line":126,"column":4},"end":{"line":128,"column":null}},{"start":{},"end":{}}],"line":126},"7":{"loc":{"start":{"line":129,"column":4},"end":{"line":131,"column":null}},"type":"if","locations":[{"start":{"line":129,"column":4},"end":{"line":131,"column":null}},{"start":{},"end":{}}],"line":129},"8":{"loc":{"start":{"line":133,"column":4},"end":{"line":139,"column":null}},"type":"if","locations":[{"start":{"line":133,"column":4},"end":{"line":139,"column":null}},{"start":{},"end":{}}],"line":133},"9":{"loc":{"start":{"line":143,"column":4},"end":{"line":145,"column":null}},"type":"if","locations":[{"start":{"line":143,"column":4},"end":{"line":145,"column":null}},{"start":{},"end":{}}],"line":143},"10":{"loc":{"start":{"line":156,"column":23},"end":{"line":156,"column":null}},"type":"binary-expr","locations":[{"start":{"line":156,"column":23},"end":{"line":156,"column":61}},{"start":{"line":156,"column":61},"end":{"line":156,"column":null}}],"line":156},"11":{"loc":{"start":{"line":159,"column":6},"end":{"line":165,"column":null}},"type":"if","locations":[{"start":{"line":159,"column":6},"end":{"line":165,"column":null}},{"start":{},"end":{}}],"line":159},"12":{"loc":{"start":{"line":161,"column":8},"end":{"line":164,"column":null}},"type":"if","locations":[{"start":{"line":161,"column":8},"end":{"line":164,"column":null}},{"start":{},"end":{}}],"line":161},"13":{"loc":{"start":{"line":163,"column":10},"end":{"line":163,"column":null}},"type":"if","locations":[{"start":{"line":163,"column":10},"end":{"line":163,"column":null}},{"start":{},"end":{}}],"line":163},"14":{"loc":{"start":{"line":169,"column":15},"end":{"line":169,"column":null}},"type":"binary-expr","locations":[{"start":{"line":169,"column":15},"end":{"line":169,"column":31}},{"start":{"line":169,"column":31},"end":{"line":169,"column":null}}],"line":169},"15":{"loc":{"start":{"line":170,"column":15},"end":{"line":170,"column":null}},"type":"binary-expr","locations":[{"start":{"line":170,"column":15},"end":{"line":170,"column":44}},{"start":{"line":170,"column":44},"end":{"line":170,"column":null}}],"line":170},"16":{"loc":{"start":{"line":171,"column":17},"end":{"line":171,"column":null}},"type":"cond-expr","locations":[{"start":{"line":171,"column":35},"end":{"line":171,"column":45}},{"start":{"line":171,"column":45},"end":{"line":171,"column":null}}],"line":171},"17":{"loc":{"start":{"line":187,"column":4},"end":{"line":187,"column":null}},"type":"default-arg","locations":[{"start":{"line":187,"column":29},"end":{"line":187,"column":null}}],"line":187},"18":{"loc":{"start":{"line":193,"column":12},"end":{"line":193,"column":24}},"type":"default-arg","locations":[{"start":{"line":193,"column":20},"end":{"line":193,"column":24}}],"line":193},"19":{"loc":{"start":{"line":193,"column":24},"end":{"line":193,"column":47}},"type":"default-arg","locations":[{"start":{"line":193,"column":42},"end":{"line":193,"column":47}}],"line":193},"20":{"loc":{"start":{"line":201,"column":15},"end":{"line":201,"column":null}},"type":"binary-expr","locations":[{"start":{"line":201,"column":15},"end":{"line":201,"column":31}},{"start":{"line":201,"column":31},"end":{"line":201,"column":null}}],"line":201},"21":{"loc":{"start":{"line":202,"column":15},"end":{"line":202,"column":null}},"type":"binary-expr","locations":[{"start":{"line":202,"column":15},"end":{"line":202,"column":47}},{"start":{"line":202,"column":47},"end":{"line":202,"column":null}}],"line":202},"22":{"loc":{"start":{"line":203,"column":17},"end":{"line":203,"column":null}},"type":"cond-expr","locations":[{"start":{"line":203,"column":35},"end":{"line":203,"column":40}},{"start":{"line":203,"column":40},"end":{"line":203,"column":null}}],"line":203},"23":{"loc":{"start":{"line":224,"column":8},"end":{"line":240,"column":null}},"type":"if","locations":[{"start":{"line":224,"column":8},"end":{"line":240,"column":null}},{"start":{},"end":{}}],"line":224},"24":{"loc":{"start":{"line":225,"column":27},"end":{"line":225,"column":null}},"type":"binary-expr","locations":[{"start":{"line":225,"column":27},"end":{"line":225,"column":48}},{"start":{"line":225,"column":48},"end":{"line":225,"column":null}}],"line":225},"25":{"loc":{"start":{"line":243,"column":6},"end":{"line":245,"column":null}},"type":"if","locations":[{"start":{"line":243,"column":6},"end":{"line":245,"column":null}},{"start":{},"end":{}}],"line":243},"26":{"loc":{"start":{"line":273,"column":4},"end":{"line":275,"column":null}},"type":"if","locations":[{"start":{"line":273,"column":4},"end":{"line":275,"column":null}},{"start":{},"end":{}}],"line":273},"27":{"loc":{"start":{"line":283,"column":8},"end":{"line":290,"column":null}},"type":"if","locations":[{"start":{"line":283,"column":8},"end":{"line":290,"column":null}},{"start":{"line":286,"column":8},"end":{"line":290,"column":null}}],"line":283},"28":{"loc":{"start":{"line":286,"column":8},"end":{"line":290,"column":null}},"type":"if","locations":[{"start":{"line":286,"column":8},"end":{"line":290,"column":null}},{"start":{"line":288,"column":15},"end":{"line":290,"column":null}}],"line":286},"29":{"loc":{"start":{"line":292,"column":8},"end":{"line":294,"column":null}},"type":"if","locations":[{"start":{"line":292,"column":8},"end":{"line":294,"column":null}},{"start":{},"end":{}}],"line":292},"30":{"loc":{"start":{"line":318,"column":8},"end":{"line":325,"column":null}},"type":"if","locations":[{"start":{"line":318,"column":8},"end":{"line":325,"column":null}},{"start":{"line":321,"column":8},"end":{"line":325,"column":null}}],"line":318},"31":{"loc":{"start":{"line":321,"column":8},"end":{"line":325,"column":null}},"type":"if","locations":[{"start":{"line":321,"column":8},"end":{"line":325,"column":null}},{"start":{"line":323,"column":15},"end":{"line":325,"column":null}}],"line":321},"32":{"loc":{"start":{"line":327,"column":8},"end":{"line":329,"column":null}},"type":"if","locations":[{"start":{"line":327,"column":8},"end":{"line":329,"column":null}},{"start":{},"end":{}}],"line":327}},"s":{"0":2,"1":2,"2":0,"3":0,"4":0,"5":0,"6":0,"7":0,"8":0,"9":0,"10":0,"11":0,"12":0,"13":0,"14":0,"15":0,"16":0,"17":0,"18":0,"19":0,"20":0,"21":0,"22":0,"23":0,"24":0,"25":0,"26":0,"27":0,"28":0,"29":0,"30":0,"31":0,"32":0,"33":0,"34":0,"35":0,"36":0,"37":0,"38":0,"39":0,"40":0,"41":0,"42":0,"43":0,"44":0,"45":0,"46":0,"47":0,"48":0,"49":0,"50":0,"51":0,"52":0,"53":0,"54":0,"55":0,"56":0,"57":0,"58":0,"59":0,"60":0,"61":0,"62":0,"63":0,"64":0,"65":0,"66":0,"67":0,"68":0,"69":0,"70":0,"71":0,"72":0,"73":0,"74":0,"75":0,"76":0,"77":0,"78":0,"79":0,"80":0,"81":0,"82":0,"83":0,"84":0,"85":0,"86":0,"87":0,"88":0,"89":0,"90":0,"91":0,"92":0,"93":0,"94":0,"95":0,"96":0,"97":0,"98":0,"99":0,"100":0,"101":0,"102":0,"103":0,"104":0,"105":0,"106":0,"107":0,"108":0,"109":2},"f":{"0":2,"1":0,"2":0,"3":0,"4":0,"5":0,"6":0,"7":0,"8":0,"9":0,"10":0,"11":0,"12":0,"13":0,"14":0,"15":0,"16":0,"17":0},"b":{"0":[0],"1":[0],"2":[0],"3":[0],"4":[0,0],"5":[0,0],"6":[0,0],"7":[0,0],"8":[0,0],"9":[0,0],"10":[0,0],"11":[0,0],"12":[0,0],"13":[0,0],"14":[0,0],"15":[0,0],"16":[0,0],"17":[0],"18":[0],"19":[0],"20":[0,0],"21":[0,0],"22":[0,0],"23":[0,0],"24":[0,0],"25":[0,0],"26":[0,0],"27":[0,0],"28":[0,0],"29":[0,0],"30":[0,0],"31":[0,0],"32":[0,0]},"meta":{"lastBranch":33,"lastFunction":18,"lastStatement":110,"seen":{"s:46:10:46:Infinity":0,"f:48:2:48:16":0,"s:49:4:49:Infinity":1,"f:55:8:55:36":1,"s:56:4:56:Infinity":2,"f:62:8:62:43":2,"s:64:26:64:Infinity":3,"s:65:26:65:Infinity":4,"s:68:28:68:Infinity":5,"s:69:27:69:Infinity":6,"s:70:28:70:Infinity":7,"s:72:4:78:Infinity":8,"s:73:29:73:Infinity":9,"s:74:6:74:Infinity":10,"s:75:6:75:Infinity":11,"s:80:4:92:Infinity":12,"f:98:8:98:Infinity":3,"b:100:29:100:Infinity":0,"s:113:8:113:Infinity":13,"b:107:14:107:Infinity":1,"b:108:24:108:Infinity":2,"b:112:18:112:Infinity":3,"s:116:21:116:Infinity":14,"b:117:4:119:Infinity:undefined:undefined:undefined:undefined":4,"s:117:4:119:Infinity":15,"s:118:6:118:Infinity":16,"s:122:16:122:Infinity":17,"b:123:4:125:Infinity:undefined:undefined:undefined:undefined":5,"s:123:4:125:Infinity":18,"s:124:6:124:Infinity":19,"f:124:27:124:28":4,"s:124:37:124:91":20,"f:124:58:124:59":5,"s:124:67:124:90":21,"b:126:4:128:Infinity:undefined:undefined:undefined:undefined":6,"s:126:4:128:Infinity":22,"s:127:6:127:Infinity":23,"f:127:27:127:28":6,"s:127:37:127:68":24,"b:129:4:131:Infinity:undefined:undefined:undefined:undefined":7,"s:129:4:131:Infinity":25,"s:130:6:130:Infinity":26,"f:130:27:130:28":7,"s:130:37:130:98":27,"f:130:57:130:58":8,"s:130:70:130:97":28,"b:133:4:139:Infinity:undefined:undefined:undefined:undefined":8,"s:133:4:139:Infinity":29,"s:134:6:138:Infinity":30,"s:142:18:142:Infinity":31,"b:143:4:145:Infinity:undefined:undefined:undefined:undefined":9,"s:143:4:145:Infinity":32,"s:144:6:144:Infinity":33,"s:148:26:151:Infinity":34,"s:154:36:154:Infinity":35,"s:155:4:173:Infinity":36,"s:156:23:156:Infinity":37,"b:156:23:156:61:156:61:156:Infinity":10,"s:157:20:157:Infinity":38,"b:159:6:165:Infinity:undefined:undefined:undefined:undefined":11,"s:159:6:165:Infinity":39,"s:160:21:160:Infinity":40,"b:161:8:164:Infinity:undefined:undefined:undefined:undefined":12,"s:161:8:164:Infinity":41,"s:162:10:162:Infinity":42,"b:163:10:163:Infinity:undefined:undefined:undefined:undefined":13,"s:163:10:163:Infinity":43,"s:163:41:163:Infinity":44,"s:167:6:172:Infinity":45,"b:169:15:169:31:169:31:169:Infinity":14,"b:170:15:170:44:170:44:170:Infinity":15,"b:171:35:171:45:171:45:171:Infinity":16,"s:175:4:179:Infinity":46,"f:185:8:185:Infinity":9,"b:187:29:187:Infinity":17,"s:193:51:193:Infinity":47,"b:193:20:193:24":18,"b:193:42:193:47":19,"s:195:4:213:Infinity":48,"s:196:20:196:Infinity":49,"s:197:28:197:Infinity":50,"s:199:38:204:Infinity":51,"f:199:56:199:57":10,"s:199:69:204:8":52,"b:201:15:201:31:201:31:201:Infinity":20,"b:202:15:202:47:202:47:202:Infinity":21,"b:203:35:203:40:203:40:203:Infinity":22,"s:206:6:210:Infinity":53,"s:212:6:212:Infinity":54,"f:219:16:219:33":11,"s:220:4:266:Infinity":55,"s:221:24:221:Infinity":56,"s:222:6:241:Infinity":57,"s:223:25:223:Infinity":58,"b:224:8:240:Infinity:undefined:undefined:undefined:undefined":23,"s:224:8:240:Infinity":59,"s:225:27:225:Infinity":60,"b:225:27:225:48:225:48:225:Infinity":24,"s:226:24:226:Infinity":61,"s:227:30:227:Infinity":62,"s:229:10:232:Infinity":63,"s:230:12:230:Infinity":64,"s:231:12:231:Infinity":65,"s:234:10:239:Infinity":66,"b:243:6:245:Infinity:undefined:undefined:undefined:undefined":25,"s:243:6:245:Infinity":67,"s:244:8:244:Infinity":68,"s:248:25:248:Infinity":69,"s:249:18:249:Infinity":70,"s:250:6:252:Infinity":71,"s:251:8:251:Infinity":72,"s:254:6:262:Infinity":73,"s:264:6:264:Infinity":74,"s:265:6:265:Infinity":75,"f:272:2:272:22":12,"b:273:4:275:Infinity:undefined:undefined:undefined:undefined":26,"s:273:4:275:Infinity":76,"s:274:6:274:Infinity":77,"s:277:20:277:Infinity":78,"s:278:29:297:Infinity":79,"f:279:11:279:12":13,"s:280:19:280:Infinity":80,"b:283:8:290:Infinity:286:8:290:Infinity":27,"s:283:8:290:Infinity":81,"s:284:27:284:Infinity":82,"s:285:10:285:Infinity":83,"b:286:8:290:Infinity:288:15:290:Infinity":28,"s:286:8:290:Infinity":84,"s:287:10:287:Infinity":85,"s:289:10:289:Infinity":86,"b:292:8:294:Infinity:undefined:undefined:undefined:undefined":29,"s:292:8:294:Infinity":87,"s:293:10:293:Infinity":88,"s:295:8:295:Infinity":89,"s:299:4:299:Infinity":90,"f:305:2:305:Infinity":14,"s:312:20:312:Infinity":91,"s:313:29:332:Infinity":92,"f:314:11:314:12":15,"s:315:19:315:Infinity":93,"b:318:8:325:Infinity:321:8:325:Infinity":30,"s:318:8:325:Infinity":94,"s:319:27:319:Infinity":95,"s:320:10:320:Infinity":96,"b:321:8:325:Infinity:323:15:325:Infinity":31,"s:321:8:325:Infinity":97,"s:322:10:322:Infinity":98,"s:324:10:324:Infinity":99,"b:327:8:329:Infinity:undefined:undefined:undefined:undefined":32,"s:327:8:329:Infinity":100,"s:328:10:328:Infinity":101,"s:330:8:330:Infinity":102,"s:334:4:341:Infinity":103,"f:347:8:347:55":16,"s:348:4:353:Infinity":104,"s:349:20:349:Infinity":105,"s:350:6:350:Infinity":106,"f:350:33:350:34":17,"s:350:42:350:49":107,"s:352:6:352:Infinity":108,"s:358:29:358:Infinity":109}}}
,"/Users/kyle/rules/src/utils/vector-storage.ts": {"path":"/Users/kyle/rules/src/utils/vector-storage.ts","statementMap":{},"fnMap":{},"branchMap":{},"s":{},"f":{},"b":{},"meta":{"lastBranch":0,"lastFunction":0,"lastStatement":0,"seen":{}}}
}
